#
# There is insufficient memory for the Java Runtime Environment to continue.
# Native memory allocation (malloc) failed to allocate 1048576 bytes. Error detail: AllocateHeap
# Possible reasons:
#   The system is out of physical RAM or swap space
#   This process is running with CompressedOops enabled, and the Java Heap may be blocking the growth of the native heap
# Possible solutions:
#   Reduce memory load on the system
#   Increase physical memory or swap space
#   Check if swap backing store is full
#   Decrease Java heap size (-Xmx/-Xms)
#   Decrease number of Java threads
#   Decrease Java thread stack sizes (-Xss)
#   Set larger code cache with -XX:ReservedCodeCacheSize=
#   JVM is running with Unscaled Compressed Oops mode in which the Java heap is
#     placed in the first 4GB address space. The Java Heap base address is the
#     maximum limit for the native heap growth. Please use -XX:HeapBaseMinAddress
#     to set the Java Heap base and to place the Java Heap above 4GB virtual address.
# This output file may be truncated or incomplete.
#
#  Out of Memory Error (allocation.cpp:44), pid=16240, tid=18188
#
# JRE version: OpenJDK Runtime Environment Temurin-21.0.9+10 (21.0.9+10) (build 21.0.9+10-LTS)
# Java VM: OpenJDK 64-Bit Server VM Temurin-21.0.9+10 (21.0.9+10-LTS, mixed mode, sharing, tiered, compressed oops, compressed class ptrs, parallel gc, windows-amd64)
# No core dump will be written. Minidumps are not enabled by default on client versions of Windows
#

---------------  S U M M A R Y ------------

Command Line: --add-modules=ALL-SYSTEM --add-opens=java.base/java.util=ALL-UNNAMED --add-opens=java.base/java.lang=ALL-UNNAMED --add-opens=java.base/sun.nio.fs=ALL-UNNAMED -Declipse.application=org.eclipse.jdt.ls.core.id1 -Dosgi.bundles.defaultStartLevel=4 -Declipse.product=org.eclipse.jdt.ls.core.product -Djava.import.generatesMetadataFilesAtProjectRoot=false -DDetectVMInstallationsJob.disabled=true -Dfile.encoding=utf8 -XX:+UseParallelGC -XX:GCTimeRatio=4 -XX:AdaptiveSizePolicyWeight=90 -Dsun.zip.disableMemoryMapping=true -Xmx2G -Xms100m -Xlog:disable -javaagent:c:\Users\Jairo\.vscode\extensions\redhat.java-1.52.0-win32-x64\lombok\lombok-1.18.39-4050.jar -XX:+HeapDumpOnOutOfMemoryError -XX:HeapDumpPath=c:\Users\Jairo\AppData\Roaming\Code\User\workspaceStorage\d11edec619f66bda68dd043fb4a0bbbe\redhat.java -Daether.dependencyCollector.impl=bf c:\Users\Jairo\.vscode\extensions\redhat.java-1.52.0-win32-x64\server\plugins\org.eclipse.equinox.launcher_1.7.100.v20251111-0406.jar -configuration c:\Users\Jairo\AppData\Roaming\Code\User\globalStorage\redhat.java\1.52.0\config_win -data c:\Users\Jairo\AppData\Roaming\Code\User\workspaceStorage\d11edec619f66bda68dd043fb4a0bbbe\redhat.java\jdt_ws --pipe=\\.\pipe\lsp-9b603fc1bea572d52a91e74a6c70069f-sock

Host: Intel(R) Core(TM) i7-1065G7 CPU @ 1.30GHz, 8 cores, 7G,  Windows 11 , 64 bit Build 26100 (10.0.26100.7623)
Time: Sun Feb  1 18:13:28 2026 Hora estándar central (México) elapsed time: 1062.277556 seconds (0d 0h 17m 42s)

---------------  T H R E A D  ---------------

Current thread (0x000001e14e9c9760):  JavaThread "Attach Listener" daemon [_thread_in_vm, id=18188, stack(0x0000008e26500000,0x0000008e26600000) (1024K)]

Stack: [0x0000008e26500000,0x0000008e26600000]
Native frames: (J=compiled Java code, j=interpreted, Vv=VM code, C=native code)
V  [jvm.dll+0x6d6e29]
V  [jvm.dll+0x8b4b76]
V  [jvm.dll+0x8b712e]
V  [jvm.dll+0x8b7813]
V  [jvm.dll+0x283d86]
V  [jvm.dll+0xc1277]
V  [jvm.dll+0x6d76d9]
V  [jvm.dll+0x133466]
V  [jvm.dll+0x3f7ea6]
V  [jvm.dll+0x85e9ad]
V  [jvm.dll+0x6d565d]
C  [ucrtbase.dll+0x37b0]
C  [KERNEL32.DLL+0x2e8d7]
C  [ntdll.dll+0x8c53c]


---------------  P R O C E S S  ---------------

Threads class SMR info:
_java_thread_list=0x000001e16fd21d00, length=41, elements={
0x000001e14c5bc760, 0x000001e14eb0d400, 0x000001e14e9c46f0, 0x000001e14e9c6990,
0x000001e14e9c9760, 0x000001e14e9c8d90, 0x000001e14e9d06e0, 0x000001e14e9d1460,
0x000001e16b008070, 0x000001e16b2293f0, 0x000001e16b31ee20, 0x000001e16bc706e0,
0x000001e16b8ed810, 0x000001e16b9adfb0, 0x000001e16b9ae9e0, 0x000001e16c1233f0,
0x000001e16c1e15b0, 0x000001e16b69ca20, 0x000001e16b69f180, 0x000001e16b69f810,
0x000001e16b69e460, 0x000001e16c6be880, 0x000001e16c6bd4d0, 0x000001e16c6bc7b0,
0x000001e16c6bf5a0, 0x000001e16c6bfc30, 0x000001e16c6bce40, 0x000001e16c6bdb60,
0x000001e16c6be1f0, 0x000001e16d783b50, 0x000001e16d7862b0, 0x000001e16d784870,
0x000001e16d7841e0, 0x000001e16cba3600, 0x000001e16cba56d0, 0x000001e16cba5d60,
0x000001e16cba6a80, 0x000001e16cba8b50, 0x000001e16cba9f00, 0x000001e16cba91e0,
0x000001e16d789730
}

Java Threads: ( => current thread )
  0x000001e14c5bc760 JavaThread "main"                              [_thread_blocked, id=21436, stack(0x0000008e25e00000,0x0000008e25f00000) (1024K)]
  0x000001e14eb0d400 JavaThread "Reference Handler"          daemon [_thread_blocked, id=22552, stack(0x0000008e26200000,0x0000008e26300000) (1024K)]
  0x000001e14e9c46f0 JavaThread "Finalizer"                  daemon [_thread_blocked, id=14088, stack(0x0000008e26300000,0x0000008e26400000) (1024K)]
  0x000001e14e9c6990 JavaThread "Signal Dispatcher"          daemon [_thread_blocked, id=8264, stack(0x0000008e26400000,0x0000008e26500000) (1024K)]
=>0x000001e14e9c9760 JavaThread "Attach Listener"            daemon [_thread_in_vm, id=18188, stack(0x0000008e26500000,0x0000008e26600000) (1024K)]
  0x000001e14e9c8d90 JavaThread "Service Thread"             daemon [_thread_blocked, id=24212, stack(0x0000008e26600000,0x0000008e26700000) (1024K)]
  0x000001e14e9d06e0 JavaThread "Monitor Deflation Thread"   daemon [_thread_blocked, id=18164, stack(0x0000008e26700000,0x0000008e26800000) (1024K)]
  0x000001e14e9d1460 JavaThread "C2 CompilerThread0"         daemon [_thread_blocked, id=18288, stack(0x0000008e26800000,0x0000008e26900000) (1024K)]
  0x000001e16b008070 JavaThread "C1 CompilerThread0"         daemon [_thread_blocked, id=23936, stack(0x0000008e26900000,0x0000008e26a00000) (1024K)]
  0x000001e16b2293f0 JavaThread "Common-Cleaner"             daemon [_thread_blocked, id=16900, stack(0x0000008e26b00000,0x0000008e26c00000) (1024K)]
  0x000001e16b31ee20 JavaThread "Notification Thread"        daemon [_thread_blocked, id=18104, stack(0x0000008e26a00000,0x0000008e26b00000) (1024K)]
  0x000001e16bc706e0 JavaThread "Active Thread: Equinox Container: 645a98fd-a840-4a9b-b2bb-753379c0f755"        [_thread_blocked, id=23632, stack(0x0000008e26d00000,0x0000008e26e00000) (1024K)]
  0x000001e16b8ed810 JavaThread "Refresh Thread: Equinox Container: 645a98fd-a840-4a9b-b2bb-753379c0f755" daemon [_thread_blocked, id=7444, stack(0x0000008e27500000,0x0000008e27600000) (1024K)]
  0x000001e16b9adfb0 JavaThread "Framework Event Dispatcher: Equinox Container: 645a98fd-a840-4a9b-b2bb-753379c0f755" daemon [_thread_blocked, id=24688, stack(0x0000008e26c00000,0x0000008e26d00000) (1024K)]
  0x000001e16b9ae9e0 JavaThread "Start Level: Equinox Container: 645a98fd-a840-4a9b-b2bb-753379c0f755" daemon [_thread_blocked, id=22772, stack(0x0000008e27600000,0x0000008e27700000) (1024K)]
  0x000001e16c1233f0 JavaThread "Bundle File Closer"         daemon [_thread_blocked, id=16332, stack(0x0000008e27700000,0x0000008e27800000) (1024K)]
  0x000001e16c1e15b0 JavaThread "SCR Component Actor"        daemon [_thread_blocked, id=24772, stack(0x0000008e27800000,0x0000008e27900000) (1024K)]
  0x000001e16b69ca20 JavaThread "Worker-JM"                         [_thread_blocked, id=17828, stack(0x0000008e27900000,0x0000008e27a00000) (1024K)]
  0x000001e16b69f180 JavaThread "JNA Cleaner"                daemon [_thread_blocked, id=20116, stack(0x0000008e27a00000,0x0000008e27b00000) (1024K)]
  0x000001e16b69f810 JavaThread "Worker-0"                          [_thread_blocked, id=15444, stack(0x0000008e27b00000,0x0000008e27c00000) (1024K)]
  0x000001e16b69e460 JavaThread "Java indexing"              daemon [_thread_blocked, id=23308, stack(0x0000008e28000000,0x0000008e28100000) (1024K)]
  0x000001e16c6be880 JavaThread "Thread-1"                   daemon [_thread_in_native, id=24424, stack(0x0000008e28600000,0x0000008e28700000) (1024K)]
  0x000001e16c6bd4d0 JavaThread "Thread-2"                   daemon [_thread_in_native, id=24792, stack(0x0000008e28700000,0x0000008e28800000) (1024K)]
  0x000001e16c6bc7b0 JavaThread "Thread-3"                   daemon [_thread_in_native, id=15016, stack(0x0000008e28800000,0x0000008e28900000) (1024K)]
  0x000001e16c6bf5a0 JavaThread "Thread-4"                   daemon [_thread_in_native, id=18220, stack(0x0000008e28900000,0x0000008e28a00000) (1024K)]
  0x000001e16c6bfc30 JavaThread "Thread-5"                   daemon [_thread_in_native, id=784, stack(0x0000008e28a00000,0x0000008e28b00000) (1024K)]
  0x000001e16c6bce40 JavaThread "Thread-6"                   daemon [_thread_in_native, id=22704, stack(0x0000008e28b00000,0x0000008e28c00000) (1024K)]
  0x000001e16c6bdb60 JavaThread "Thread-7"                   daemon [_thread_in_native, id=22104, stack(0x0000008e28c00000,0x0000008e28d00000) (1024K)]
  0x000001e16c6be1f0 JavaThread "Thread-8"                   daemon [_thread_in_native, id=20992, stack(0x0000008e28d00000,0x0000008e28e00000) (1024K)]
  0x000001e16d783b50 JavaThread "Thread-9"                   daemon [_thread_in_native, id=12552, stack(0x0000008e28e00000,0x0000008e28f00000) (1024K)]
  0x000001e16d7862b0 JavaThread "pool-2-thread-1"                   [_thread_blocked, id=3628, stack(0x0000008e28f00000,0x0000008e29000000) (1024K)]
  0x000001e16d784870 JavaThread "WorkspaceEventsHandler"            [_thread_blocked, id=20784, stack(0x0000008e29000000,0x0000008e29100000) (1024K)]
  0x000001e16d7841e0 JavaThread "pool-1-thread-1"                   [_thread_blocked, id=18404, stack(0x0000008e29100000,0x0000008e29200000) (1024K)]
  0x000001e16cba3600 JavaThread "Cleaner-0"                  daemon [_thread_blocked, id=10132, stack(0x0000008e2ae00000,0x0000008e2af00000) (1024K)]
  0x000001e16cba56d0 JavaThread "Java Debug Server"          daemon [_thread_in_native, id=10560, stack(0x0000008e2af00000,0x0000008e2b000000) (1024K)]
  0x000001e16cba5d60 JavaThread "RxSchedulerPurge-1"         daemon [_thread_blocked, id=22492, stack(0x0000008e2b100000,0x0000008e2b200000) (1024K)]
  0x000001e16cba6a80 JavaThread "RxCachedWorkerPoolEvictor-1" daemon [_thread_blocked, id=3572, stack(0x0000008e2a600000,0x0000008e2a700000) (1024K)]
  0x000001e16cba8b50 JavaThread "Worker-9"                          [_thread_blocked, id=3948, stack(0x0000008e28100000,0x0000008e28200000) (1024K)]
  0x000001e16cba9f00 JavaThread "pool-3-thread-2"                   [_thread_in_native, id=19160, stack(0x0000008e27c00000,0x0000008e27d00000) (1024K)]
  0x000001e16cba91e0 JavaThread "RxNewThreadScheduler-3"     daemon [_thread_blocked, id=13020, stack(0x0000008e28200000,0x0000008e28300000) (1024K)]
  0x000001e16d789730 JavaThread "process reaper (pid 12472)" daemon [_thread_in_native, id=16160, stack(0x0000008e25740000,0x0000008e25760000) (128K)]
Total: 41

Other Threads:
  0x000001e14eaee7e0 VMThread "VM Thread"                           [id=23856, stack(0x0000008e26100000,0x0000008e26200000) (1024K)]
  0x000001e14eabbe70 WatcherThread "VM Periodic Task Thread"        [id=21780, stack(0x0000008e26000000,0x0000008e26100000) (1024K)]
  0x000001e14ea6e760 WorkerThread "GC Thread#0"                     [id=24144, stack(0x0000008e25f00000,0x0000008e26000000) (1024K)]
  0x000001e16b7ef2e0 WorkerThread "GC Thread#1"                     [id=21568, stack(0x0000008e26e00000,0x0000008e26f00000) (1024K)]
  0x000001e16b5bfde0 WorkerThread "GC Thread#2"                     [id=17784, stack(0x0000008e26f00000,0x0000008e27000000) (1024K)]
  0x000001e16b5c0180 WorkerThread "GC Thread#3"                     [id=19948, stack(0x0000008e27000000,0x0000008e27100000) (1024K)]
  0x000001e16b5c0520 WorkerThread "GC Thread#4"                     [id=23256, stack(0x0000008e27100000,0x0000008e27200000) (1024K)]
  0x000001e16b5c08c0 WorkerThread "GC Thread#5"                     [id=6156, stack(0x0000008e27200000,0x0000008e27300000) (1024K)]
  0x000001e16b5c1470 WorkerThread "GC Thread#6"                     [id=18476, stack(0x0000008e27300000,0x0000008e27400000) (1024K)]
  0x000001e16bdd8e60 WorkerThread "GC Thread#7"                     [id=19328, stack(0x0000008e27400000,0x0000008e27500000) (1024K)]
Total: 10

Threads with active compile tasks:
Total: 0

VM state: not at safepoint (normal execution)

VM Mutex/Monitor currently owned by a thread: None

Heap address: 0x0000000080000000, size: 2048 MB, Compressed Oops mode: 32-bit

CDS archive(s) mapped at: [0x000001e100000000-0x000001e100ba0000-0x000001e100ba0000), size 12189696, SharedBaseAddress: 0x000001e100000000, ArchiveRelocationMode: 1.
Compressed class space mapped at: 0x000001e101000000-0x000001e141000000, reserved size: 1073741824
Narrow klass base: 0x000001e100000000, Narrow klass shift: 0, Narrow klass range: 0x100000000

GC Precious Log:
 CardTable entry size: 512
 CPUs: 8 total, 8 available
 Memory: 7959M
 Large Page Support: Disabled
 NUMA Support: Disabled
 Compressed Oops: Enabled (32-bit)
 Alignments: Space 512K, Generation 512K, Heap 2M
 Heap Min Capacity: 100M
 Heap Initial Capacity: 100M
 Heap Max Capacity: 2G
 Pre-touch: Disabled
 Parallel Workers: 8

Heap:
 PSYoungGen      total 2048K, used 1844K [0x00000000d5580000, 0x00000000d5900000, 0x0000000100000000)
  eden space 1536K, 99% used [0x00000000d5580000,0x00000000d56fd0f8,0x00000000d5700000)
  from space 512K, 62% used [0x00000000d5880000,0x00000000d58d0020,0x00000000d5900000)
  to   space 512K, 0% used [0x00000000d5800000,0x00000000d5800000,0x00000000d5880000)
 ParOldGen       total 153600K, used 153254K [0x0000000080000000, 0x0000000089600000, 0x00000000d5580000)
  object space 153600K, 99% used [0x0000000080000000,0x00000000895a9a38,0x0000000089600000)
 Metaspace       used 73174K, committed 74624K, reserved 1179648K
  class space    used 7561K, committed 8192K, reserved 1048576K

Card table byte_map: [0x000001e14e3f0000,0x000001e14e800000] _byte_map_base: 0x000001e14dff0000

Marking Bits: (ParMarkBitMap*) 0x00007ffa5b3f2460
 Begin Bits: [0x000001e160f00000, 0x000001e162f00000)
 End Bits:   [0x000001e162f00000, 0x000001e164f00000)

Polling page: 0x000001e14c860000

Metaspace:

Usage:
  Non-class:     64.08 MB used.
      Class:      7.38 MB used.
       Both:     71.46 MB used.

Virtual space:
  Non-class space:      128.00 MB reserved,      64.88 MB ( 51%) committed,  2 nodes.
      Class space:        1.00 GB reserved,       8.00 MB ( <1%) committed,  1 nodes.
             Both:        1.12 GB reserved,      72.88 MB (  6%) committed. 

Chunk freelists:
   Non-Class:  14.31 MB
       Class:  8.01 MB
        Both:  22.32 MB

MaxMetaspaceSize: unlimited
CompressedClassSpaceSize: 1.00 GB
Initial GC threshold: 21.00 MB
Current GC threshold: 97.31 MB
CDS: on
 - commit_granule_bytes: 65536.
 - commit_granule_words: 8192.
 - virtual_space_node_default_size: 8388608.
 - enlarge_chunks_in_place: 1.
 - use_allocation_guard: 0.


Internal statistics:

num_allocs_failed_limit: 11.
num_arena_births: 1304.
num_arena_deaths: 28.
num_vsnodes_births: 3.
num_vsnodes_deaths: 0.
num_space_committed: 1166.
num_space_uncommitted: 0.
num_chunks_returned_to_freelist: 45.
num_chunks_taken_from_freelist: 4929.
num_chunk_merges: 18.
num_chunk_splits: 2937.
num_chunks_enlarged: 1588.
num_inconsistent_stats: 0.

CodeHeap 'non-profiled nmethods': size=120000Kb used=11707Kb max_used=11707Kb free=108293Kb
 bounds [0x000001e159720000, 0x000001e15a290000, 0x000001e160c50000]
CodeHeap 'profiled nmethods': size=120000Kb used=34246Kb max_used=34246Kb free=85753Kb
 bounds [0x000001e151c50000, 0x000001e153dd0000, 0x000001e159180000]
CodeHeap 'non-nmethods': size=5760Kb used=1495Kb max_used=1563Kb free=4264Kb
 bounds [0x000001e159180000, 0x000001e1593f0000, 0x000001e159720000]
CodeCache: size=245760Kb, used=47448Kb, max_used=47516Kb, free=198310Kb
 total_blobs=14299, nmethods=13494, adapters=707, full_count=0
Compilation: enabled, stopped_count=0, restarted_count=0

Compilation events (20 events):
Event: 725.188 Thread 0x000001e16b008070 nmethod 14361 0x000001e153dbe190 code [0x000001e153dbe360, 0x000001e153dbe648]
Event: 725.228 Thread 0x000001e16b008070 14362       3       org.eclipse.jdt.core.JavaConventions::validateClassFileName (157 bytes)
Event: 725.245 Thread 0x000001e16b008070 nmethod 14362 0x000001e153dbe710 code [0x000001e153dbeaa0, 0x000001e153dbfc08]
Event: 725.245 Thread 0x000001e16b008070 14363       3       org.eclipse.core.internal.localstore.UnifiedTreeNode::isFolder (21 bytes)
Event: 725.247 Thread 0x000001e16b008070 nmethod 14363 0x000001e153dc0290 code [0x000001e153dc0440, 0x000001e153dc0700]
Event: 725.247 Thread 0x000001e16b008070 14364       3       org.eclipse.core.internal.localstore.UnifiedTree::setLevel (30 bytes)
Event: 725.248 Thread 0x000001e16b008070 nmethod 14364 0x000001e153dc0890 code [0x000001e153dc0a40, 0x000001e153dc0c08]
Event: 725.355 Thread 0x000001e16b008070 14366       3       org.eclipse.core.internal.jobs.JobListeners::queueEvent (15 bytes)
Event: 725.357 Thread 0x000001e16b008070 nmethod 14366 0x000001e153dc0d10 code [0x000001e153dc0ec0, 0x000001e153dc10a8]
Event: 725.357 Thread 0x000001e16b008070 14367       1       org.eclipse.core.internal.jobs.InternalJob::getProgressMonitor (5 bytes)
Event: 725.357 Thread 0x000001e16b008070 nmethod 14367 0x000001e15a288210 code [0x000001e15a2883a0, 0x000001e15a288468]
Event: 725.378 Thread 0x000001e14e9d1460 nmethod 14357 0x000001e15a288510 code [0x000001e15a2889a0, 0x000001e15a28bc90]
Event: 725.379 Thread 0x000001e14e9d1460 14365       4       org.eclipse.jdt.internal.core.Openable::getPackageFragmentRoot (9 bytes)
Event: 725.389 Thread 0x000001e14e9d1460 nmethod 14365 0x000001e15a28de10 code [0x000001e15a28dfa0, 0x000001e15a28e0b0]
Event: 954.182 Thread 0x000001e14e9d1460 14369       4       java.util.concurrent.locks.LockSupport::setBlocker (12 bytes)
Event: 954.187 Thread 0x000001e14e9d1460 nmethod 14369 0x000001e15a28e610 code [0x000001e15a28e780, 0x000001e15a28e808]
Event: 1032.174 Thread 0x000001e14e9d1460 14370       4       java.util.concurrent.locks.AbstractQueuedSynchronizer$Node::setStatusRelaxed (12 bytes)
Event: 1032.177 Thread 0x000001e14e9d1460 nmethod 14370 0x000001e15a28e910 code [0x000001e15a28eaa0, 0x000001e15a28eb30]
Event: 1056.182 Thread 0x000001e16b008070 14371   !   3       java.util.concurrent.locks.AbstractQueuedSynchronizer::tryInitializeHead (66 bytes)
Event: 1056.188 Thread 0x000001e16b008070 nmethod 14371 0x000001e153dc1190 code [0x000001e153dc1380, 0x000001e153dc18a8]

GC Heap History (20 events):
Event: 333.953 GC heap before
{Heap before GC invocations=144 (full 3):
 PSYoungGen      total 2560K, used 2533K [0x00000000d5580000, 0x00000000d5980000, 0x0000000100000000)
  eden space 2048K, 100% used [0x00000000d5580000,0x00000000d5780000,0x00000000d5780000)
  from space 512K, 94% used [0x00000000d5880000,0x00000000d58f96f0,0x00000000d5900000)
  to   space 1024K, 0% used [0x00000000d5780000,0x00000000d5780000,0x00000000d5880000)
 ParOldGen       total 150016K, used 148918K [0x0000000080000000, 0x0000000089280000, 0x00000000d5580000)
  object space 150016K, 99% used [0x0000000080000000,0x000000008916d820,0x0000000089280000)
 Metaspace       used 72857K, committed 74368K, reserved 1179648K
  class space    used 7533K, committed 8192K, reserved 1048576K
}
Event: 333.955 GC heap after
{Heap after GC invocations=144 (full 3):
 PSYoungGen      total 3072K, used 832K [0x00000000d5580000, 0x00000000d5980000, 0x0000000100000000)
  eden space 2048K, 0% used [0x00000000d5580000,0x00000000d5580000,0x00000000d5780000)
  from space 1024K, 81% used [0x00000000d5780000,0x00000000d5850000,0x00000000d5880000)
  to   space 1024K, 0% used [0x00000000d5880000,0x00000000d5880000,0x00000000d5980000)
 ParOldGen       total 150016K, used 149420K [0x0000000080000000, 0x0000000089280000, 0x00000000d5580000)
  object space 150016K, 99% used [0x0000000080000000,0x00000000891eb388,0x0000000089280000)
 Metaspace       used 72857K, committed 74368K, reserved 1179648K
  class space    used 7533K, committed 8192K, reserved 1048576K
}
Event: 333.980 GC heap before
{Heap before GC invocations=145 (full 3):
 PSYoungGen      total 3072K, used 2880K [0x00000000d5580000, 0x00000000d5980000, 0x0000000100000000)
  eden space 2048K, 100% used [0x00000000d5580000,0x00000000d5780000,0x00000000d5780000)
  from space 1024K, 81% used [0x00000000d5780000,0x00000000d5850000,0x00000000d5880000)
  to   space 1024K, 0% used [0x00000000d5880000,0x00000000d5880000,0x00000000d5980000)
 ParOldGen       total 150016K, used 149420K [0x0000000080000000, 0x0000000089280000, 0x00000000d5580000)
  object space 150016K, 99% used [0x0000000080000000,0x00000000891eb388,0x0000000089280000)
 Metaspace       used 72867K, committed 74368K, reserved 1179648K
  class space    used 7533K, committed 8192K, reserved 1048576K
}
Event: 333.981 GC heap after
{Heap after GC invocations=145 (full 3):
 PSYoungGen      total 3072K, used 853K [0x00000000d5580000, 0x00000000d5980000, 0x0000000100000000)
  eden space 2048K, 0% used [0x00000000d5580000,0x00000000d5580000,0x00000000d5780000)
  from space 1024K, 83% used [0x00000000d5880000,0x00000000d5955710,0x00000000d5980000)
  to   space 1024K, 0% used [0x00000000d5780000,0x00000000d5780000,0x00000000d5880000)
 ParOldGen       total 150528K, used 150092K [0x0000000080000000, 0x0000000089300000, 0x00000000d5580000)
  object space 150528K, 99% used [0x0000000080000000,0x0000000089293388,0x0000000089300000)
 Metaspace       used 72867K, committed 74368K, reserved 1179648K
  class space    used 7533K, committed 8192K, reserved 1048576K
}
Event: 334.030 GC heap before
{Heap before GC invocations=146 (full 3):
 PSYoungGen      total 3072K, used 2901K [0x00000000d5580000, 0x00000000d5980000, 0x0000000100000000)
  eden space 2048K, 100% used [0x00000000d5580000,0x00000000d5780000,0x00000000d5780000)
  from space 1024K, 83% used [0x00000000d5880000,0x00000000d5955710,0x00000000d5980000)
  to   space 1024K, 0% used [0x00000000d5780000,0x00000000d5780000,0x00000000d5880000)
 ParOldGen       total 150528K, used 150092K [0x0000000080000000, 0x0000000089300000, 0x00000000d5580000)
  object space 150528K, 99% used [0x0000000080000000,0x0000000089293388,0x0000000089300000)
 Metaspace       used 72873K, committed 74432K, reserved 1179648K
  class space    used 7533K, committed 8192K, reserved 1048576K
}
Event: 334.032 GC heap after
{Heap after GC invocations=146 (full 3):
 PSYoungGen      total 3072K, used 832K [0x00000000d5580000, 0x00000000d5980000, 0x0000000100000000)
  eden space 2048K, 0% used [0x00000000d5580000,0x00000000d5580000,0x00000000d5780000)
  from space 1024K, 81% used [0x00000000d5780000,0x00000000d5850000,0x00000000d5880000)
  to   space 1024K, 0% used [0x00000000d5880000,0x00000000d5880000,0x00000000d5980000)
 ParOldGen       total 151040K, used 150869K [0x0000000080000000, 0x0000000089380000, 0x00000000d5580000)
  object space 151040K, 99% used [0x0000000080000000,0x00000000893557b0,0x0000000089380000)
 Metaspace       used 72873K, committed 74432K, reserved 1179648K
  class space    used 7533K, committed 8192K, reserved 1048576K
}
Event: 334.053 GC heap before
{Heap before GC invocations=147 (full 3):
 PSYoungGen      total 3072K, used 2880K [0x00000000d5580000, 0x00000000d5980000, 0x0000000100000000)
  eden space 2048K, 100% used [0x00000000d5580000,0x00000000d5780000,0x00000000d5780000)
  from space 1024K, 81% used [0x00000000d5780000,0x00000000d5850000,0x00000000d5880000)
  to   space 1024K, 0% used [0x00000000d5880000,0x00000000d5880000,0x00000000d5980000)
 ParOldGen       total 151040K, used 150869K [0x0000000080000000, 0x0000000089380000, 0x00000000d5580000)
  object space 151040K, 99% used [0x0000000080000000,0x00000000893557b0,0x0000000089380000)
 Metaspace       used 72875K, committed 74432K, reserved 1179648K
  class space    used 7533K, committed 8192K, reserved 1048576K
}
Event: 334.056 GC heap after
{Heap after GC invocations=147 (full 3):
 PSYoungGen      total 3072K, used 968K [0x00000000d5580000, 0x00000000d5980000, 0x0000000100000000)
  eden space 2048K, 0% used [0x00000000d5580000,0x00000000d5580000,0x00000000d5780000)
  from space 1024K, 94% used [0x00000000d5880000,0x00000000d5972170,0x00000000d5980000)
  to   space 1024K, 0% used [0x00000000d5780000,0x00000000d5780000,0x00000000d5880000)
 ParOldGen       total 151552K, used 151537K [0x0000000080000000, 0x0000000089400000, 0x00000000d5580000)
  object space 151552K, 99% used [0x0000000080000000,0x00000000893fc6a0,0x0000000089400000)
 Metaspace       used 72875K, committed 74432K, reserved 1179648K
  class space    used 7533K, committed 8192K, reserved 1048576K
}
Event: 334.098 GC heap before
{Heap before GC invocations=148 (full 3):
 PSYoungGen      total 3072K, used 3016K [0x00000000d5580000, 0x00000000d5980000, 0x0000000100000000)
  eden space 2048K, 100% used [0x00000000d5580000,0x00000000d5780000,0x00000000d5780000)
  from space 1024K, 94% used [0x00000000d5880000,0x00000000d5972170,0x00000000d5980000)
  to   space 1024K, 0% used [0x00000000d5780000,0x00000000d5780000,0x00000000d5880000)
 ParOldGen       total 151552K, used 151537K [0x0000000080000000, 0x0000000089400000, 0x00000000d5580000)
  object space 151552K, 99% used [0x0000000080000000,0x00000000893fc6a0,0x0000000089400000)
 Metaspace       used 72883K, committed 74432K, reserved 1179648K
  class space    used 7533K, committed 8192K, reserved 1048576K
}
Event: 334.101 GC heap after
{Heap after GC invocations=148 (full 3):
 PSYoungGen      total 3072K, used 704K [0x00000000d5580000, 0x00000000d5980000, 0x0000000100000000)
  eden space 2048K, 0% used [0x00000000d5580000,0x00000000d5580000,0x00000000d5780000)
  from space 1024K, 68% used [0x00000000d5780000,0x00000000d5830000,0x00000000d5880000)
  to   space 1024K, 0% used [0x00000000d5880000,0x00000000d5880000,0x00000000d5980000)
 ParOldGen       total 152576K, used 152319K [0x0000000080000000, 0x0000000089500000, 0x00000000d5580000)
  object space 152576K, 99% used [0x0000000080000000,0x00000000894bffa8,0x0000000089500000)
 Metaspace       used 72883K, committed 74432K, reserved 1179648K
  class space    used 7533K, committed 8192K, reserved 1048576K
}
Event: 334.121 GC heap before
{Heap before GC invocations=149 (full 3):
 PSYoungGen      total 3072K, used 2752K [0x00000000d5580000, 0x00000000d5980000, 0x0000000100000000)
  eden space 2048K, 100% used [0x00000000d5580000,0x00000000d5780000,0x00000000d5780000)
  from space 1024K, 68% used [0x00000000d5780000,0x00000000d5830000,0x00000000d5880000)
  to   space 1024K, 0% used [0x00000000d5880000,0x00000000d5880000,0x00000000d5980000)
 ParOldGen       total 152576K, used 152319K [0x0000000080000000, 0x0000000089500000, 0x00000000d5580000)
  object space 152576K, 99% used [0x0000000080000000,0x00000000894bffa8,0x0000000089500000)
 Metaspace       used 72886K, committed 74432K, reserved 1179648K
  class space    used 7533K, committed 8192K, reserved 1048576K
}
Event: 334.124 GC heap after
{Heap after GC invocations=149 (full 3):
 PSYoungGen      total 2560K, used 994K [0x00000000d5580000, 0x00000000d5a80000, 0x0000000100000000)
  eden space 1536K, 0% used [0x00000000d5580000,0x00000000d5580000,0x00000000d5700000)
  from space 1024K, 97% used [0x00000000d5880000,0x00000000d5978a90,0x00000000d5980000)
  to   space 1536K, 0% used [0x00000000d5700000,0x00000000d5700000,0x00000000d5880000)
 ParOldGen       total 153088K, used 152902K [0x0000000080000000, 0x0000000089580000, 0x00000000d5580000)
  object space 153088K, 99% used [0x0000000080000000,0x00000000895519b8,0x0000000089580000)
 Metaspace       used 72886K, committed 74432K, reserved 1179648K
  class space    used 7533K, committed 8192K, reserved 1048576K
}
Event: 334.150 GC heap before
{Heap before GC invocations=150 (full 3):
 PSYoungGen      total 2560K, used 2530K [0x00000000d5580000, 0x00000000d5a80000, 0x0000000100000000)
  eden space 1536K, 100% used [0x00000000d5580000,0x00000000d5700000,0x00000000d5700000)
  from space 1024K, 97% used [0x00000000d5880000,0x00000000d5978a90,0x00000000d5980000)
  to   space 1536K, 0% used [0x00000000d5700000,0x00000000d5700000,0x00000000d5880000)
 ParOldGen       total 153088K, used 152902K [0x0000000080000000, 0x0000000089580000, 0x00000000d5580000)
  object space 153088K, 99% used [0x0000000080000000,0x00000000895519b8,0x0000000089580000)
 Metaspace       used 72899K, committed 74432K, reserved 1179648K
  class space    used 7533K, committed 8192K, reserved 1048576K
}
Event: 334.152 GC heap after
{Heap after GC invocations=150 (full 3):
 PSYoungGen      total 3072K, used 128K [0x00000000d5580000, 0x00000000d5900000, 0x0000000100000000)
  eden space 1536K, 0% used [0x00000000d5580000,0x00000000d5580000,0x00000000d5700000)
  from space 1536K, 8% used [0x00000000d5700000,0x00000000d5720000,0x00000000d5880000)
  to   space 512K, 0% used [0x00000000d5880000,0x00000000d5880000,0x00000000d5900000)
 ParOldGen       total 153088K, used 152950K [0x0000000080000000, 0x0000000089580000, 0x00000000d5580000)
  object space 153088K, 99% used [0x0000000080000000,0x000000008955d9b8,0x0000000089580000)
 Metaspace       used 72899K, committed 74432K, reserved 1179648K
  class space    used 7533K, committed 8192K, reserved 1048576K
}
Event: 335.747 GC heap before
{Heap before GC invocations=151 (full 3):
 PSYoungGen      total 3072K, used 1664K [0x00000000d5580000, 0x00000000d5900000, 0x0000000100000000)
  eden space 1536K, 100% used [0x00000000d5580000,0x00000000d5700000,0x00000000d5700000)
  from space 1536K, 8% used [0x00000000d5700000,0x00000000d5720000,0x00000000d5880000)
  to   space 512K, 0% used [0x00000000d5880000,0x00000000d5880000,0x00000000d5900000)
 ParOldGen       total 153088K, used 152950K [0x0000000080000000, 0x0000000089580000, 0x00000000d5580000)
  object space 153088K, 99% used [0x0000000080000000,0x000000008955d9b8,0x0000000089580000)
 Metaspace       used 72928K, committed 74432K, reserved 1179648K
  class space    used 7534K, committed 8192K, reserved 1048576K
}
Event: 335.748 GC heap after
{Heap after GC invocations=151 (full 3):
 PSYoungGen      total 2048K, used 272K [0x00000000d5580000, 0x00000000d5900000, 0x0000000100000000)
  eden space 1536K, 0% used [0x00000000d5580000,0x00000000d5580000,0x00000000d5700000)
  from space 512K, 53% used [0x00000000d5880000,0x00000000d58c4030,0x00000000d5900000)
  to   space 512K, 0% used [0x00000000d5800000,0x00000000d5800000,0x00000000d5880000)
 ParOldGen       total 153088K, used 152966K [0x0000000080000000, 0x0000000089580000, 0x00000000d5580000)
  object space 153088K, 99% used [0x0000000080000000,0x00000000895619b8,0x0000000089580000)
 Metaspace       used 72928K, committed 74432K, reserved 1179648K
  class space    used 7534K, committed 8192K, reserved 1048576K
}
Event: 335.913 GC heap before
{Heap before GC invocations=152 (full 3):
 PSYoungGen      total 2048K, used 1800K [0x00000000d5580000, 0x00000000d5900000, 0x0000000100000000)
  eden space 1536K, 99% used [0x00000000d5580000,0x00000000d56fe278,0x00000000d5700000)
  from space 512K, 53% used [0x00000000d5880000,0x00000000d58c4030,0x00000000d5900000)
  to   space 512K, 0% used [0x00000000d5800000,0x00000000d5800000,0x00000000d5880000)
 ParOldGen       total 153088K, used 152966K [0x0000000080000000, 0x0000000089580000, 0x00000000d5580000)
  object space 153088K, 99% used [0x0000000080000000,0x00000000895619b8,0x0000000089580000)
 Metaspace       used 73134K, committed 74624K, reserved 1179648K
  class space    used 7560K, committed 8192K, reserved 1048576K
}
Event: 335.915 GC heap after
{Heap after GC invocations=152 (full 3):
 PSYoungGen      total 2048K, used 256K [0x00000000d5580000, 0x00000000d5900000, 0x0000000100000000)
  eden space 1536K, 0% used [0x00000000d5580000,0x00000000d5580000,0x00000000d5700000)
  from space 512K, 50% used [0x00000000d5800000,0x00000000d5840000,0x00000000d5880000)
  to   space 512K, 0% used [0x00000000d5880000,0x00000000d5880000,0x00000000d5900000)
 ParOldGen       total 153600K, used 153190K [0x0000000080000000, 0x0000000089600000, 0x00000000d5580000)
  object space 153600K, 99% used [0x0000000080000000,0x0000000089599a38,0x0000000089600000)
 Metaspace       used 73134K, committed 74624K, reserved 1179648K
  class space    used 7560K, committed 8192K, reserved 1048576K
}
Event: 436.183 GC heap before
{Heap before GC invocations=153 (full 3):
 PSYoungGen      total 2048K, used 1791K [0x00000000d5580000, 0x00000000d5900000, 0x0000000100000000)
  eden space 1536K, 99% used [0x00000000d5580000,0x00000000d56fffd8,0x00000000d5700000)
  from space 512K, 50% used [0x00000000d5800000,0x00000000d5840000,0x00000000d5880000)
  to   space 512K, 0% used [0x00000000d5880000,0x00000000d5880000,0x00000000d5900000)
 ParOldGen       total 153600K, used 153190K [0x0000000080000000, 0x0000000089600000, 0x00000000d5580000)
  object space 153600K, 99% used [0x0000000080000000,0x0000000089599a38,0x0000000089600000)
 Metaspace       used 73160K, committed 74624K, reserved 1179648K
  class space    used 7561K, committed 8192K, reserved 1048576K
}
Event: 436.265 GC heap after
{Heap after GC invocations=153 (full 3):
 PSYoungGen      total 2048K, used 320K [0x00000000d5580000, 0x00000000d5900000, 0x0000000100000000)
  eden space 1536K, 0% used [0x00000000d5580000,0x00000000d5580000,0x00000000d5700000)
  from space 512K, 62% used [0x00000000d5880000,0x00000000d58d0020,0x00000000d5900000)
  to   space 512K, 0% used [0x00000000d5800000,0x00000000d5800000,0x00000000d5880000)
 ParOldGen       total 153600K, used 153254K [0x0000000080000000, 0x0000000089600000, 0x00000000d5580000)
  object space 153600K, 99% used [0x0000000080000000,0x00000000895a9a38,0x0000000089600000)
 Metaspace       used 73160K, committed 74624K, reserved 1179648K
  class space    used 7561K, committed 8192K, reserved 1048576K
}

Dll operation events (11 events):
Event: 0.056 Loaded shared library c:\Users\Jairo\.vscode\extensions\redhat.java-1.52.0-win32-x64\jre\21.0.9-win32-x86_64\bin\java.dll
Event: 0.256 Loaded shared library c:\Users\Jairo\.vscode\extensions\redhat.java-1.52.0-win32-x64\jre\21.0.9-win32-x86_64\bin\zip.dll
Event: 0.369 Loaded shared library C:\Users\Jairo\.vscode\extensions\redhat.java-1.52.0-win32-x64\jre\21.0.9-win32-x86_64\bin\instrument.dll
Event: 0.383 Loaded shared library C:\Users\Jairo\.vscode\extensions\redhat.java-1.52.0-win32-x64\jre\21.0.9-win32-x86_64\bin\net.dll
Event: 0.387 Loaded shared library C:\Users\Jairo\.vscode\extensions\redhat.java-1.52.0-win32-x64\jre\21.0.9-win32-x86_64\bin\nio.dll
Event: 0.395 Loaded shared library C:\Users\Jairo\.vscode\extensions\redhat.java-1.52.0-win32-x64\jre\21.0.9-win32-x86_64\bin\zip.dll
Event: 0.435 Loaded shared library C:\Users\Jairo\.vscode\extensions\redhat.java-1.52.0-win32-x64\jre\21.0.9-win32-x86_64\bin\jimage.dll
Event: 0.619 Loaded shared library c:\Users\Jairo\.vscode\extensions\redhat.java-1.52.0-win32-x64\jre\21.0.9-win32-x86_64\bin\verify.dll
Event: 3.700 Loaded shared library C:\Users\Jairo\AppData\Roaming\Code\User\globalStorage\redhat.java\1.52.0\config_win\org.eclipse.equinox.launcher\org.eclipse.equinox.launcher.win32.win32.x86_64_1.2.1500.v20260121-1430\eclipse_11919.dll
Event: 12.598 Loaded shared library C:\Users\Jairo\AppData\Local\Temp\jna-71334831\jna14691723851996210710.dll
Event: 51.246 Loaded shared library C:\Users\Jairo\.vscode\extensions\redhat.java-1.52.0-win32-x64\jre\21.0.9-win32-x86_64\bin\extnet.dll

Deoptimization events (20 events):
Event: 335.880 Thread 0x000001e16b69f810 Uncommon trap: trap_request=0xffffffde fr.pc=0x000001e159b40874 relative=0x00000000000003b4
Event: 335.880 Thread 0x000001e16b69f810 Uncommon trap: reason=class_check action=maybe_recompile pc=0x000001e159b40874 method=java.io.DataOutputStream.writeInt(I)V @ 19 c2
Event: 335.880 Thread 0x000001e16b69f810 DEOPT PACKING pc=0x000001e159b40874 sp=0x0000008e27bfebf0
Event: 335.880 Thread 0x000001e16b69f810 DEOPT UNPACKING pc=0x000001e1591d6da2 sp=0x0000008e27bfeb98 mode 2
Event: 335.880 Thread 0x000001e16b69f810 Uncommon trap: trap_request=0xffffffde fr.pc=0x000001e159b40874 relative=0x00000000000003b4
Event: 335.880 Thread 0x000001e16b69f810 Uncommon trap: reason=class_check action=maybe_recompile pc=0x000001e159b40874 method=java.io.DataOutputStream.writeInt(I)V @ 19 c2
Event: 335.880 Thread 0x000001e16b69f810 DEOPT PACKING pc=0x000001e159b40874 sp=0x0000008e27bfeb90
Event: 335.880 Thread 0x000001e16b69f810 DEOPT UNPACKING pc=0x000001e1591d6da2 sp=0x0000008e27bfeb38 mode 2
Event: 335.883 Thread 0x000001e16b69f810 Uncommon trap: trap_request=0xffffff45 fr.pc=0x000001e1598a50cc relative=0x00000000000001ac
Event: 335.883 Thread 0x000001e16b69f810 Uncommon trap: reason=unstable_if action=reinterpret pc=0x000001e1598a50cc method=jdk.internal.org.objectweb.asm.Frame.push(I)V @ 26 c2
Event: 335.883 Thread 0x000001e16b69f810 DEOPT PACKING pc=0x000001e1598a50cc sp=0x0000008e27bfd5f0
Event: 335.883 Thread 0x000001e16b69f810 DEOPT UNPACKING pc=0x000001e1591d6da2 sp=0x0000008e27bfd578 mode 2
Event: 335.910 Thread 0x000001e16b69f810 Uncommon trap: trap_request=0xffffffde fr.pc=0x000001e159f51484 relative=0x0000000000000624
Event: 335.911 Thread 0x000001e16b69f810 Uncommon trap: reason=class_check action=maybe_recompile pc=0x000001e159f51484 method=java.io.InputStream.read([BII)I @ 15 c2
Event: 335.911 Thread 0x000001e16b69f810 DEOPT PACKING pc=0x000001e159f51484 sp=0x0000008e27bfed60
Event: 335.911 Thread 0x000001e16b69f810 DEOPT UNPACKING pc=0x000001e1591d6da2 sp=0x0000008e27bfed08 mode 2
Event: 335.912 Thread 0x000001e16b69f810 Uncommon trap: trap_request=0xffffffde fr.pc=0x000001e159f51484 relative=0x0000000000000624
Event: 335.912 Thread 0x000001e16b69f810 Uncommon trap: reason=class_check action=maybe_recompile pc=0x000001e159f51484 method=java.io.InputStream.read([BII)I @ 15 c2
Event: 335.912 Thread 0x000001e16b69f810 DEOPT PACKING pc=0x000001e159f51484 sp=0x0000008e27bfed60
Event: 335.912 Thread 0x000001e16b69f810 DEOPT UNPACKING pc=0x000001e1591d6da2 sp=0x0000008e27bfed08 mode 2

Classes loaded (20 events):
Event: 335.822 Loading class java/util/stream/Nodes$CollectorTask$OfRef
Event: 335.822 Loading class java/util/stream/Nodes$CollectorTask
Event: 335.824 Loading class java/util/stream/Nodes$CollectorTask done
Event: 335.824 Loading class java/util/stream/Nodes$CollectorTask$OfRef done
Event: 335.824 Loading class java/util/function/LongFunction
Event: 335.825 Loading class java/util/function/LongFunction done
Event: 335.825 Loading class java/util/stream/Nodes$ConcNode
Event: 335.826 Loading class java/util/stream/Nodes$AbstractConcNode
Event: 335.827 Loading class java/util/stream/Nodes$AbstractConcNode done
Event: 335.827 Loading class java/util/stream/Nodes$ConcNode done
Event: 335.828 Loading class java/util/stream/Nodes$ToArrayTask$OfRef
Event: 335.828 Loading class java/util/stream/Nodes$ToArrayTask
Event: 335.828 Loading class java/util/stream/Nodes$ToArrayTask done
Event: 335.828 Loading class java/util/stream/Nodes$ToArrayTask$OfRef done
Event: 335.835 Loading class java/io/ObjectOutputStream$BlockDataOutputStream
Event: 335.836 Loading class java/io/ObjectOutputStream$BlockDataOutputStream done
Event: 335.836 Loading class java/io/ObjectOutputStream$HandleTable
Event: 335.836 Loading class java/io/ObjectOutputStream$HandleTable done
Event: 335.836 Loading class java/io/ObjectOutputStream$ReplaceTable
Event: 335.836 Loading class java/io/ObjectOutputStream$ReplaceTable done

Classes unloaded (14 events):
Event: 16.107 Thread 0x000001e14eaee7e0 Unloading class 0x000001e1011aac00 'java/lang/invoke/LambdaForm$MH+0x000001e1011aac00'
Event: 16.107 Thread 0x000001e14eaee7e0 Unloading class 0x000001e1011aa800 'java/lang/invoke/LambdaForm$MH+0x000001e1011aa800'
Event: 16.107 Thread 0x000001e14eaee7e0 Unloading class 0x000001e1011aa400 'java/lang/invoke/LambdaForm$MH+0x000001e1011aa400'
Event: 16.107 Thread 0x000001e14eaee7e0 Unloading class 0x000001e1011aa000 'java/lang/invoke/LambdaForm$MH+0x000001e1011aa000'
Event: 16.107 Thread 0x000001e14eaee7e0 Unloading class 0x000001e1011a9c00 'java/lang/invoke/LambdaForm$BMH+0x000001e1011a9c00'
Event: 16.107 Thread 0x000001e14eaee7e0 Unloading class 0x000001e1011a9800 'java/lang/invoke/LambdaForm$DMH+0x000001e1011a9800'
Event: 16.107 Thread 0x000001e14eaee7e0 Unloading class 0x000001e1011a8400 'java/lang/invoke/LambdaForm$DMH+0x000001e1011a8400'
Event: 21.417 Thread 0x000001e14eaee7e0 Unloading class 0x000001e1012cac00 'java/lang/invoke/LambdaForm$MH+0x000001e1012cac00'
Event: 21.417 Thread 0x000001e14eaee7e0 Unloading class 0x000001e1012c9c00 'java/lang/invoke/LambdaForm$MH+0x000001e1012c9c00'
Event: 21.417 Thread 0x000001e14eaee7e0 Unloading class 0x000001e1012c9400 'java/lang/invoke/LambdaForm$DMH+0x000001e1012c9400'
Event: 42.941 Thread 0x000001e14eaee7e0 Unloading class 0x000001e10169ec00 'java/lang/invoke/LambdaForm$DMH+0x000001e10169ec00'
Event: 42.941 Thread 0x000001e14eaee7e0 Unloading class 0x000001e10169d000 'java/lang/invoke/LambdaForm$MH+0x000001e10169d000'
Event: 42.941 Thread 0x000001e14eaee7e0 Unloading class 0x000001e10169c400 'java/lang/invoke/LambdaForm$MH+0x000001e10169c400'
Event: 42.941 Thread 0x000001e14eaee7e0 Unloading class 0x000001e10169c000 'java/lang/invoke/LambdaForm$MH+0x000001e10169c000'

Classes redefined (0 events):
No events

Internal exceptions (20 events):
Event: 328.382 Thread 0x000001e16d7841e0 Exception <a 'java/lang/IncompatibleClassChangeError'{0x00000000d5a7a1f0}: Found class java.lang.Object, but interface was expected> (0x00000000d5a7a1f0) 
thrown [s\src\hotspot\share\interpreter\linkResolver.cpp, line 840]
Event: 329.647 Thread 0x000001e16b69e460 Exception <a 'sun/nio/fs/WindowsException'{0x00000000d5b31f58}> (0x00000000d5b31f58) 
thrown [s\src\hotspot\share\prims\jni.cpp, line 520]
Event: 330.086 Thread 0x000001e16b69e460 Exception <a 'sun/nio/fs/WindowsException'{0x00000000d5600e68}> (0x00000000d5600e68) 
thrown [s\src\hotspot\share\prims\jni.cpp, line 520]
Event: 331.342 Thread 0x000001e16b69e460 Exception <a 'sun/nio/fs/WindowsException'{0x00000000d573e9b0}> (0x00000000d573e9b0) 
thrown [s\src\hotspot\share\prims\jni.cpp, line 520]
Event: 331.664 Thread 0x000001e16b69e460 Exception <a 'sun/nio/fs/WindowsException'{0x00000000d55924e0}> (0x00000000d55924e0) 
thrown [s\src\hotspot\share\prims\jni.cpp, line 520]
Event: 332.689 Thread 0x000001e16d788a10 Exception <a 'java/lang/NoSuchMethodError'{0x00000000d5624c60}: 'java.lang.Object java.lang.invoke.DirectMethodHandle$Holder.invokeStatic(java.lang.Object, int, java.lang.Object, java.lang.Object, java.lang.Object, java.lang.Object)'> (0x00000000d5624c60) 
thrown [s\src\hotspot\share\interpreter\linkResolver.cpp, line 773]
Event: 335.615 Thread 0x000001e16d787660 Exception <a 'sun/nio/fs/WindowsException'{0x00000000d5680780}> (0x00000000d5680780) 
thrown [s\src\hotspot\share\prims\jni.cpp, line 520]
Event: 335.616 Thread 0x000001e16d787660 Exception <a 'sun/nio/fs/WindowsException'{0x00000000d5680dd0}> (0x00000000d5680dd0) 
thrown [s\src\hotspot\share\prims\jni.cpp, line 520]
Event: 335.617 Thread 0x000001e16d787660 Exception <a 'sun/nio/fs/WindowsException'{0x00000000d5681b00}> (0x00000000d5681b00) 
thrown [s\src\hotspot\share\prims\jni.cpp, line 520]
Event: 335.618 Thread 0x000001e16d787660 Exception <a 'sun/nio/fs/WindowsException'{0x00000000d5682668}> (0x00000000d5682668) 
thrown [s\src\hotspot\share\prims\jni.cpp, line 520]
Event: 335.619 Thread 0x000001e16d787660 Exception <a 'sun/nio/fs/WindowsException'{0x00000000d56837c0}> (0x00000000d56837c0) 
thrown [s\src\hotspot\share\prims\jni.cpp, line 520]
Event: 335.619 Thread 0x000001e16d787660 Exception <a 'sun/nio/fs/WindowsException'{0x00000000d5683e10}> (0x00000000d5683e10) 
thrown [s\src\hotspot\share\prims\jni.cpp, line 520]
Event: 335.620 Thread 0x000001e16d787660 Exception <a 'sun/nio/fs/WindowsException'{0x00000000d5684d78}> (0x00000000d5684d78) 
thrown [s\src\hotspot\share\prims\jni.cpp, line 520]
Event: 335.620 Thread 0x000001e16d787660 Exception <a 'sun/nio/fs/WindowsException'{0x00000000d56853c8}> (0x00000000d56853c8) 
thrown [s\src\hotspot\share\prims\jni.cpp, line 520]
Event: 335.753 Thread 0x000001e16cba91e0 Exception <a 'sun/nio/fs/WindowsException'{0x00000000d55863a0}> (0x00000000d55863a0) 
thrown [s\src\hotspot\share\prims\jni.cpp, line 520]
Event: 335.753 Thread 0x000001e16cba91e0 Exception <a 'sun/nio/fs/WindowsException'{0x00000000d55869f0}> (0x00000000d55869f0) 
thrown [s\src\hotspot\share\prims\jni.cpp, line 520]
Event: 335.815 Thread 0x000001e16b69f810 Implicit null exception at 0x000001e159b3a76a to 0x000001e159b3b6f8
Event: 335.817 Thread 0x000001e16b69f810 Implicit null exception at 0x000001e159e3e306 to 0x000001e159e3e68c
Event: 335.885 Thread 0x000001e16b69f810 Exception <a 'java/lang/NoSuchMethodError'{0x00000000d56d65a0}: 'java.lang.Object java.lang.invoke.DirectMethodHandle$Holder.newInvokeSpecial(java.lang.Object, java.lang.Object, java.lang.Object, java.lang.Object, java.lang.Object, java.lang.Object, java.lang.Object, java.lang.Object)'> (0x00000000d56d65a0) 
thrown [s\src\hotspot\share\interpreter\linkResolver.cpp, line 773]
Event: 373.259 Thread 0x000001e16cba8b50 Exception <a 'sun/nio/fs/WindowsException'{0x00000000d56bff78}> (0x00000000d56bff78) 
thrown [s\src\hotspot\share\prims\jni.cpp, line 520]

ZGC Phase Switch (0 events):
No events

VM Operations (20 events):
Event: 721.492 Executing VM operation: RendezvousGCThreads
Event: 721.492 Executing VM operation: RendezvousGCThreads done
Event: 725.514 Executing VM operation: Cleanup
Event: 725.514 Executing VM operation: Cleanup done
Event: 841.615 Executing VM operation: HandshakeAllThreads (HandshakeForDeflation)
Event: 841.615 Executing VM operation: HandshakeAllThreads (HandshakeForDeflation) done
Event: 841.615 Executing VM operation: RendezvousGCThreads
Event: 841.615 Executing VM operation: RendezvousGCThreads done
Event: 901.665 Executing VM operation: HandshakeAllThreads (HandshakeForDeflation)
Event: 901.666 Executing VM operation: HandshakeAllThreads (HandshakeForDeflation) done
Event: 901.666 Executing VM operation: RendezvousGCThreads
Event: 901.666 Executing VM operation: RendezvousGCThreads done
Event: 961.734 Executing VM operation: HandshakeAllThreads (HandshakeForDeflation)
Event: 961.734 Executing VM operation: HandshakeAllThreads (HandshakeForDeflation) done
Event: 961.734 Executing VM operation: RendezvousGCThreads
Event: 961.734 Executing VM operation: RendezvousGCThreads done
Event: 1021.840 Executing VM operation: HandshakeAllThreads (HandshakeForDeflation)
Event: 1021.840 Executing VM operation: HandshakeAllThreads (HandshakeForDeflation) done
Event: 1021.840 Executing VM operation: RendezvousGCThreads
Event: 1021.840 Executing VM operation: RendezvousGCThreads done

Memory protections (0 events):
No events

Nmethod flushes (20 events):
Event: 42.974 Thread 0x000001e14eaee7e0 flushing  nmethod 0x000001e15254bb90
Event: 42.974 Thread 0x000001e14eaee7e0 flushing  nmethod 0x000001e15254bf90
Event: 42.974 Thread 0x000001e14eaee7e0 flushing  nmethod 0x000001e15254c410
Event: 42.974 Thread 0x000001e14eaee7e0 flushing  nmethod 0x000001e152552c90
Event: 42.974 Thread 0x000001e14eaee7e0 flushing  nmethod 0x000001e152553090
Event: 42.974 Thread 0x000001e14eaee7e0 flushing  nmethod 0x000001e152553690
Event: 42.974 Thread 0x000001e14eaee7e0 flushing  nmethod 0x000001e152555090
Event: 42.974 Thread 0x000001e14eaee7e0 flushing  nmethod 0x000001e152555610
Event: 42.974 Thread 0x000001e14eaee7e0 flushing  nmethod 0x000001e152555c10
Event: 42.974 Thread 0x000001e14eaee7e0 flushing  nmethod 0x000001e152556010
Event: 42.974 Thread 0x000001e14eaee7e0 flushing  nmethod 0x000001e152556490
Event: 42.974 Thread 0x000001e14eaee7e0 flushing  nmethod 0x000001e152556a90
Event: 42.974 Thread 0x000001e14eaee7e0 flushing  nmethod 0x000001e152572f10
Event: 42.974 Thread 0x000001e14eaee7e0 flushing  nmethod 0x000001e152573990
Event: 42.974 Thread 0x000001e14eaee7e0 flushing  nmethod 0x000001e152575010
Event: 42.974 Thread 0x000001e14eaee7e0 flushing  nmethod 0x000001e152578010
Event: 42.974 Thread 0x000001e14eaee7e0 flushing  nmethod 0x000001e15259db90
Event: 42.974 Thread 0x000001e14eaee7e0 flushing  nmethod 0x000001e1525ae610
Event: 42.974 Thread 0x000001e14eaee7e0 flushing  nmethod 0x000001e1525b2a10
Event: 42.974 Thread 0x000001e14eaee7e0 flushing  nmethod 0x000001e1525b6e10

Events (20 events):
Event: 433.251 Thread 0x000001e16b69d740 Thread exited: 0x000001e16b69d740
Event: 455.713 Thread 0x000001e16d785590 Thread exited: 0x000001e16d785590
Event: 460.825 Thread 0x000001e16d788380 Thread exited: 0x000001e16d788380
Event: 515.724 Thread 0x000001e16d788a10 Thread exited: 0x000001e16d788a10
Event: 575.731 Thread 0x000001e16cba77a0 Thread exited: 0x000001e16cba77a0
Event: 629.404 Thread 0x000001e16ee43650 Thread exited: 0x000001e16ee43650
Event: 630.033 Thread 0x000001e16ee41580 Thread exited: 0x000001e16ee41580
Event: 635.732 Thread 0x000001e16cba4320 Thread exited: 0x000001e16cba4320
Event: 666.626 Thread 0x000001e16cba8b50 Thread added: 0x000001e16d785590
Event: 666.631 Thread 0x000001e16d785590 Thread added: 0x000001e16d786940
Event: 666.633 Thread 0x000001e16d785590 Thread added: 0x000001e16d7834c0
Event: 666.634 Thread 0x000001e16d785590 Thread exited: 0x000001e16d785590
Event: 666.634 Thread 0x000001e16d786940 Thread exited: 0x000001e16d786940
Event: 666.635 Thread 0x000001e16d7834c0 Thread exited: 0x000001e16d7834c0
Event: 666.719 Thread 0x000001e16cba8b50 Thread added: 0x000001e16d7834c0
Event: 666.719 Thread 0x000001e16d7834c0 Thread exited: 0x000001e16d7834c0
Event: 695.737 Thread 0x000001e16d784f00 Thread exited: 0x000001e16d784f00
Event: 725.089 Thread 0x000001e16d7841e0 Thread added: 0x000001e16d786940
Event: 785.280 Thread 0x000001e16d786940 Thread exited: 0x000001e16d786940
Event: 845.282 Thread 0x000001e16d786fd0 Thread exited: 0x000001e16d786fd0


Dynamic libraries:
0x00007ff7580b0000 - 0x00007ff7580be000 	c:\Users\Jairo\.vscode\extensions\redhat.java-1.52.0-win32-x64\jre\21.0.9-win32-x86_64\bin\java.exe
0x00007ffaf8620000 - 0x00007ffaf8887000 	C:\WINDOWS\SYSTEM32\ntdll.dll
0x00007ffaf6610000 - 0x00007ffaf66d9000 	C:\WINDOWS\System32\KERNEL32.DLL
0x00007ffaf5dc0000 - 0x00007ffaf61af000 	C:\WINDOWS\System32\KERNELBASE.dll
0x00007ffaf61c0000 - 0x00007ffaf630b000 	C:\WINDOWS\System32\ucrtbase.dll
0x00007ffac4170000 - 0x00007ffac4188000 	c:\Users\Jairo\.vscode\extensions\redhat.java-1.52.0-win32-x64\jre\21.0.9-win32-x86_64\bin\jli.dll
0x00007ffac2610000 - 0x00007ffac262e000 	c:\Users\Jairo\.vscode\extensions\redhat.java-1.52.0-win32-x64\jre\21.0.9-win32-x86_64\bin\VCRUNTIME140.dll
0x00007ffaf80d0000 - 0x00007ffaf8295000 	C:\WINDOWS\System32\USER32.dll
0x00007ffadb240000 - 0x00007ffadb4d3000 	C:\WINDOWS\WinSxS\amd64_microsoft.windows.common-controls_6595b64144ccf1df_6.0.26100.7309_none_3e05feeae336a044\COMCTL32.dll
0x00007ffaf82a0000 - 0x00007ffaf8349000 	C:\WINDOWS\System32\msvcrt.dll
0x00007ffaf6480000 - 0x00007ffaf64ab000 	C:\WINDOWS\System32\GDI32.dll
0x00007ffaf58e0000 - 0x00007ffaf5907000 	C:\WINDOWS\System32\win32u.dll
0x00007ffaf5c90000 - 0x00007ffaf5dbc000 	C:\WINDOWS\System32\gdi32full.dll
0x00007ffaf6310000 - 0x00007ffaf63b3000 	C:\WINDOWS\System32\msvcp_win.dll
0x00007ffaf75f0000 - 0x00007ffaf7621000 	C:\WINDOWS\System32\IMM32.DLL
0x00007ffad9c60000 - 0x00007ffad9c6c000 	c:\Users\Jairo\.vscode\extensions\redhat.java-1.52.0-win32-x64\jre\21.0.9-win32-x86_64\bin\vcruntime140_1.dll
0x00007ffa8de70000 - 0x00007ffa8defd000 	c:\Users\Jairo\.vscode\extensions\redhat.java-1.52.0-win32-x64\jre\21.0.9-win32-x86_64\bin\msvcp140.dll
0x00007ffa5a730000 - 0x00007ffa5b4d0000 	c:\Users\Jairo\.vscode\extensions\redhat.java-1.52.0-win32-x64\jre\21.0.9-win32-x86_64\bin\server\jvm.dll
0x00007ffaf6750000 - 0x00007ffaf6804000 	C:\WINDOWS\System32\ADVAPI32.dll
0x00007ffaf8530000 - 0x00007ffaf85d6000 	C:\WINDOWS\System32\sechost.dll
0x00007ffaf8380000 - 0x00007ffaf8498000 	C:\WINDOWS\System32\RPCRT4.dll
0x00007ffaf7670000 - 0x00007ffaf76e4000 	C:\WINDOWS\System32\WS2_32.dll
0x00007ffaf55d0000 - 0x00007ffaf562e000 	C:\WINDOWS\SYSTEM32\POWRPROF.dll
0x00007ffae6520000 - 0x00007ffae6555000 	C:\WINDOWS\SYSTEM32\WINMM.dll
0x00007ffaeb5a0000 - 0x00007ffaeb5ab000 	C:\WINDOWS\SYSTEM32\VERSION.dll
0x00007ffaf55b0000 - 0x00007ffaf55c4000 	C:\WINDOWS\SYSTEM32\UMPDC.dll
0x00007ffaf44f0000 - 0x00007ffaf450b000 	C:\WINDOWS\SYSTEM32\kernel.appcore.dll
0x00007ffad9b90000 - 0x00007ffad9b9a000 	c:\Users\Jairo\.vscode\extensions\redhat.java-1.52.0-win32-x64\jre\21.0.9-win32-x86_64\bin\jimage.dll
0x00007ffaf2df0000 - 0x00007ffaf3032000 	C:\WINDOWS\SYSTEM32\DBGHELP.DLL
0x00007ffaf6910000 - 0x00007ffaf6c96000 	C:\WINDOWS\System32\combase.dll
0x00007ffaf74b0000 - 0x00007ffaf7586000 	C:\WINDOWS\System32\OLEAUT32.dll
0x00007ffad5b40000 - 0x00007ffad5b7c000 	C:\WINDOWS\SYSTEM32\dbgcore.DLL
0x00007ffaf5770000 - 0x00007ffaf5815000 	C:\WINDOWS\System32\bcryptPrimitives.dll
0x00007ffad8ee0000 - 0x00007ffad8eef000 	c:\Users\Jairo\.vscode\extensions\redhat.java-1.52.0-win32-x64\jre\21.0.9-win32-x86_64\bin\instrument.dll
0x00007ffac0370000 - 0x00007ffac0390000 	c:\Users\Jairo\.vscode\extensions\redhat.java-1.52.0-win32-x64\jre\21.0.9-win32-x86_64\bin\java.dll
0x00007ffaf7960000 - 0x00007ffaf80b3000 	C:\WINDOWS\System32\SHELL32.dll
0x00007ffaf59a0000 - 0x00007ffaf5b0a000 	C:\WINDOWS\System32\wintypes.dll
0x00007ffaf3350000 - 0x00007ffaf3bae000 	C:\WINDOWS\SYSTEM32\windows.storage.dll
0x00007ffaf64b0000 - 0x00007ffaf65a5000 	C:\WINDOWS\System32\SHCORE.dll
0x00007ffaf66e0000 - 0x00007ffaf6746000 	C:\WINDOWS\System32\shlwapi.dll
0x00007ffaf5690000 - 0x00007ffaf56b9000 	C:\WINDOWS\SYSTEM32\profapi.dll
0x00007ffac1130000 - 0x00007ffac1148000 	c:\Users\Jairo\.vscode\extensions\redhat.java-1.52.0-win32-x64\jre\21.0.9-win32-x86_64\bin\zip.dll
0x00007ffad7590000 - 0x00007ffad75a0000 	C:\Users\Jairo\.vscode\extensions\redhat.java-1.52.0-win32-x64\jre\21.0.9-win32-x86_64\bin\net.dll
0x00007ffaed250000 - 0x00007ffaed378000 	C:\WINDOWS\SYSTEM32\WINHTTP.dll
0x00007ffaf4a70000 - 0x00007ffaf4adb000 	C:\WINDOWS\system32\mswsock.dll
0x00007ffac0b10000 - 0x00007ffac0b26000 	C:\Users\Jairo\.vscode\extensions\redhat.java-1.52.0-win32-x64\jre\21.0.9-win32-x86_64\bin\nio.dll
0x00007ffad7090000 - 0x00007ffad70a0000 	c:\Users\Jairo\.vscode\extensions\redhat.java-1.52.0-win32-x64\jre\21.0.9-win32-x86_64\bin\verify.dll
0x00007ffa8d1b0000 - 0x00007ffa8d1f5000 	C:\Users\Jairo\AppData\Roaming\Code\User\globalStorage\redhat.java\1.52.0\config_win\org.eclipse.equinox.launcher\org.eclipse.equinox.launcher.win32.win32.x86_64_1.2.1500.v20260121-1430\eclipse_11919.dll
0x00007ffaf6ca0000 - 0x00007ffaf6e37000 	C:\WINDOWS\System32\ole32.dll
0x00007ffaf4d50000 - 0x00007ffaf4d6b000 	C:\WINDOWS\SYSTEM32\CRYPTSP.dll
0x00007ffaf4450000 - 0x00007ffaf448a000 	C:\WINDOWS\system32\rsaenh.dll
0x00007ffaf4b40000 - 0x00007ffaf4b6b000 	C:\WINDOWS\SYSTEM32\USERENV.dll
0x00007ffaf5660000 - 0x00007ffaf568a000 	C:\WINDOWS\SYSTEM32\bcrypt.dll
0x00007ffaf4d70000 - 0x00007ffaf4d7c000 	C:\WINDOWS\SYSTEM32\CRYPTBASE.dll
0x00007ffaf3ed0000 - 0x00007ffaf3f04000 	C:\WINDOWS\SYSTEM32\IPHLPAPI.DLL
0x00007ffaf7640000 - 0x00007ffaf764a000 	C:\WINDOWS\System32\NSI.dll
0x00007ffac11a0000 - 0x00007ffac11e9000 	C:\Users\Jairo\AppData\Local\Temp\jna-71334831\jna14691723851996210710.dll
0x00007ffaf80c0000 - 0x00007ffaf80c8000 	C:\WINDOWS\System32\PSAPI.DLL
0x00007ffaec970000 - 0x00007ffaec98e000 	C:\WINDOWS\SYSTEM32\dhcpcsvc6.DLL
0x00007ffaec730000 - 0x00007ffaec753000 	C:\WINDOWS\SYSTEM32\dhcpcsvc.DLL
0x00007ffaf4610000 - 0x00007ffaf4646000 	C:\WINDOWS\SYSTEM32\ntmarta.dll
0x00007ffad35f0000 - 0x00007ffad35f9000 	C:\Users\Jairo\.vscode\extensions\redhat.java-1.52.0-win32-x64\jre\21.0.9-win32-x86_64\bin\extnet.dll

JVMTI agents:
c:\Users\Jairo\.vscode\extensions\redhat.java-1.52.0-win32-x64\lombok\lombok-1.18.39-4050.jar path:c:\Users\Jairo\.vscode\extensions\redhat.java-1.52.0-win32-x64\jre\21.0.9-win32-x86_64\bin\instrument.dll, loaded, initialized, instrumentlib options:none

dbghelp: loaded successfully - version: 4.0.5 - missing functions: none
symbol engine: initialized successfully - sym options: 0x614 - pdb path: .;c:\Users\Jairo\.vscode\extensions\redhat.java-1.52.0-win32-x64\jre\21.0.9-win32-x86_64\bin;C:\WINDOWS\SYSTEM32;C:\WINDOWS\WinSxS\amd64_microsoft.windows.common-controls_6595b64144ccf1df_6.0.26100.7309_none_3e05feeae336a044;c:\Users\Jairo\.vscode\extensions\redhat.java-1.52.0-win32-x64\jre\21.0.9-win32-x86_64\bin\server;C:\Users\Jairo\AppData\Roaming\Code\User\globalStorage\redhat.java\1.52.0\config_win\org.eclipse.equinox.launcher\org.eclipse.equinox.launcher.win32.win32.x86_64_1.2.1500.v20260121-1430;C:\Users\Jairo\AppData\Local\Temp\jna-71334831

VM Arguments:
jvm_args: --add-modules=ALL-SYSTEM --add-opens=java.base/java.util=ALL-UNNAMED --add-opens=java.base/java.lang=ALL-UNNAMED --add-opens=java.base/sun.nio.fs=ALL-UNNAMED -Declipse.application=org.eclipse.jdt.ls.core.id1 -Dosgi.bundles.defaultStartLevel=4 -Declipse.product=org.eclipse.jdt.ls.core.product -Djava.import.generatesMetadataFilesAtProjectRoot=false -DDetectVMInstallationsJob.disabled=true -Dfile.encoding=utf8 -XX:+UseParallelGC -XX:GCTimeRatio=4 -XX:AdaptiveSizePolicyWeight=90 -Dsun.zip.disableMemoryMapping=true -Xmx2G -Xms100m -Xlog:disable -javaagent:c:\Users\Jairo\.vscode\extensions\redhat.java-1.52.0-win32-x64\lombok\lombok-1.18.39-4050.jar -XX:+HeapDumpOnOutOfMemoryError -XX:HeapDumpPath=c:\Users\Jairo\AppData\Roaming\Code\User\workspaceStorage\d11edec619f66bda68dd043fb4a0bbbe\redhat.java -Daether.dependencyCollector.impl=bf 
java_command: c:\Users\Jairo\.vscode\extensions\redhat.java-1.52.0-win32-x64\server\plugins\org.eclipse.equinox.launcher_1.7.100.v20251111-0406.jar -configuration c:\Users\Jairo\AppData\Roaming\Code\User\globalStorage\redhat.java\1.52.0\config_win -data c:\Users\Jairo\AppData\Roaming\Code\User\workspaceStorage\d11edec619f66bda68dd043fb4a0bbbe\redhat.java\jdt_ws --pipe=\\.\pipe\lsp-9b603fc1bea572d52a91e74a6c70069f-sock
java_class_path (initial): c:\Users\Jairo\.vscode\extensions\redhat.java-1.52.0-win32-x64\server\plugins\org.eclipse.equinox.launcher_1.7.100.v20251111-0406.jar
Launcher Type: SUN_STANDARD

[Global flags]
    uintx AdaptiveSizePolicyWeight                 = 90                                        {product} {command line}
     intx CICompilerCount                          = 4                                         {product} {ergonomic}
    uintx GCTimeRatio                              = 4                                         {product} {command line}
     bool HeapDumpOnOutOfMemoryError               = true                                   {manageable} {command line}
    ccstr HeapDumpPath                             = c:\Users\Jairo\AppData\Roaming\Code\User\workspaceStorage\d11edec619f66bda68dd043fb4a0bbbe\redhat.java         {manageable} {command line}
   size_t InitialHeapSize                          = 104857600                                 {product} {command line}
   size_t MaxHeapSize                              = 2147483648                                {product} {command line}
   size_t MaxNewSize                               = 715653120                                 {product} {ergonomic}
   size_t MinHeapDeltaBytes                        = 524288                                    {product} {ergonomic}
   size_t MinHeapSize                              = 104857600                                 {product} {command line}
   size_t NewSize                                  = 34603008                                  {product} {ergonomic}
    uintx NonNMethodCodeHeapSize                   = 5839372                                {pd product} {ergonomic}
    uintx NonProfiledCodeHeapSize                  = 122909434                              {pd product} {ergonomic}
   size_t OldSize                                  = 70254592                                  {product} {ergonomic}
    uintx ProfiledCodeHeapSize                     = 122909434                              {pd product} {ergonomic}
    uintx ReservedCodeCacheSize                    = 251658240                              {pd product} {ergonomic}
     bool SegmentedCodeCache                       = true                                      {product} {ergonomic}
   size_t SoftMaxHeapSize                          = 2147483648                             {manageable} {ergonomic}
     bool UseCompressedOops                        = true                           {product lp64_product} {ergonomic}
     bool UseLargePagesIndividualAllocation        = false                                  {pd product} {ergonomic}
     bool UseParallelGC                            = true                                      {product} {command line}

Logging:
Log output configuration:
 #0: stdout all=off uptime,level,tags foldmultilines=false
 #1: stderr all=off uptime,level,tags foldmultilines=false

Release file:
JAVA_VERSION="21.0.9" 
MODULES="java.base java.compiler java.datatransfer java.xml java.prefs java.desktop java.instrument java.logging java.management java.security.sasl java.naming java.rmi java.management.rmi java.net.http java.scripting java.security.jgss java.transaction.xa java.sql java.sql.rowset java.xml.crypto java.se java.smartcardio jdk.accessibility jdk.internal.jvmstat jdk.attach jdk.charsets jdk.internal.opt jdk.zipfs jdk.compiler jdk.crypto.ec jdk.crypto.cryptoki jdk.crypto.mscapi jdk.dynalink jdk.internal.ed jdk.editpad jdk.hotspot.agent jdk.httpserver jdk.internal.le jdk.internal.vm.ci jdk.internal.vm.compiler jdk.internal.vm.compiler.management jdk.jartool jdk.javadoc jdk.jcmd jdk.management jdk.management.agent jdk.jconsole jdk.jdeps jdk.jdwp.agent jdk.jdi jdk.jfr jdk.jshell jdk.jsobject jdk.jstatd jdk.localedata jdk.management.jfr jdk.naming.dns jdk.naming.rmi jdk.net jdk.nio.mapmode jdk.random jdk.sctp jdk.security.auth jdk.security.jgss jdk.unsupported jdk.unsupported.desktop jdk.xml.dom" 

Environment Variables:
PATH=C:\Program Files (x86)\Common Files\Oracle\Java\java8path;C:\Program Files (x86)\Common Files\Oracle\Java\javapath;C:\WINDOWS\system32;C:\WINDOWS;C:\WINDOWS\System32\Wbem;C:\WINDOWS\System32\WindowsPowerShell\v1.0\;C:\WINDOWS\System32\OpenSSH\;C:\Program Files\Git\cmd;C:\Program Files\Microsoft SQL Server\150\Tools\Binn\;C:\Program Files\Microsoft SQL Server\Client SDK\ODBC\170\Tools\Binn\;C:\Program Files (x86)\Microsoft SQL Server\160\Tools\Binn\;C:\Program Files\Microsoft SQL Server\160\Tools\Binn\;C:\Program Files\Microsoft SQL Server\160\DTS\Binn\;C:\Program Files (x86)\Microsoft SQL Server\160\DTS\Binn\;C:\Users\Jairo\AppData\Roaming\nvm;C:\Program Files\nodejs;C:\Program Files\swipl\bin;C:\Program Files\dotnet\;C:\Program Files (x86)\ZeroTier\One\;C:\Program Files\PostgreSQL\17\bin;C:\Users\Jairo\AppData\Local\Programs\Python\Python311\Scripts\;C:\Users\Jairo\AppData\Local\Programs\Python\Python311\;C:\Users\Jairo\AppData\Local\Programs\Python\Python313\Scripts\;C:\Users\Jairo\AppData\Local\Programs\Python\Python313\;C:\Users\Jairo\AppData\Local\Programs\Python\Launcher\;C:\Users\Jairo\AppData\Local\Microsoft\WindowsApps;C:\Users\Jairo\AppData\Local\Programs\Microsoft VS Code\bin;C:\msys64\ucrt64\bin;C:\Program Files\JetBrains\IntelliJ IDEA Community Edition 2024.2.0.1\bin;;C:\Users\Jairo\AppData\Local\GitHubDesktop\bin;C:\Users\Jairo\AppData\Roaming\npm;C:\Users\Jairo\AppData\Roaming\nvm;C:\Program Files\nodejs;C:\Users\Jairo\.dotnet\tools;C:\Users\Jairo\AppData\Local\Packages\PythonSoftwareFoundation.Python.3.13_qbz5n2kfra8p0\LocalCache\local-packages\Python313\Scripts;C:\Users\Jairo\AppData\Local\Packages\PythonSoftwareFoundation.Python.3.13_qbz5n2kfra8p0\LocalCache\local-packages\Python313\Scripts;
USERNAME=Jairo
OS=Windows_NT
PROCESSOR_IDENTIFIER=Intel64 Family 6 Model 126 Stepping 5, GenuineIntel
TMP=C:\Users\Jairo\AppData\Local\Temp
TEMP=C:\Users\Jairo\AppData\Local\Temp




Periodic native trim disabled

---------------  S Y S T E M  ---------------

OS:
 Windows 11 , 64 bit Build 26100 (10.0.26100.7623)
OS uptime: 2 days 7:41 hours
Hyper-V role detected

CPU: total 8 (initial active 8) (4 cores per cpu, 2 threads per core) family 6 model 126 stepping 5 microcode 0xc2, cx8, cmov, fxsr, ht, mmx, 3dnowpref, sse, sse2, sse3, ssse3, sse4.1, sse4.2, popcnt, lzcnt, tsc, tscinvbit, avx, avx2, aes, erms, clmul, bmi1, bmi2, adx, avx512f, avx512dq, avx512cd, avx512bw, avx512vl, sha, fma, vzeroupper, avx512_vpopcntdq, avx512_vpclmulqdq, avx512_vaes, avx512_vnni, clflush, clflushopt, avx512_vbmi2, avx512_vbmi, hv, rdtscp, rdpid, fsrm, gfni, avx512_bitalg, f16c, avx512_ifma
Processor Information for the first 8 processors :
  Max Mhz: 1498, Current Mhz: 1298, Mhz Limit: 1288

Memory: 4k page, system-wide physical 7959M (587M free)
TotalPageFile size 32535M (AvailPageFile size 1M)
current process WorkingSet (physical memory assigned to process): 13M, peak: 385M
current process commit charge ("private bytes"): 461M, peak: 494M

vm_info: OpenJDK 64-Bit Server VM (21.0.9+10-LTS) for windows-amd64 JRE (21.0.9+10-LTS), built on 2025-10-21T00:00:00Z by "admin" with unknown MS VC++:1942

END.
