#
# There is insufficient memory for the Java Runtime Environment to continue.
# Native memory allocation (malloc) failed to allocate 1048576 bytes. Error detail: AllocateHeap
# Possible reasons:
#   The system is out of physical RAM or swap space
#   This process is running with CompressedOops enabled, and the Java Heap may be blocking the growth of the native heap
# Possible solutions:
#   Reduce memory load on the system
#   Increase physical memory or swap space
#   Check if swap backing store is full
#   Decrease Java heap size (-Xmx/-Xms)
#   Decrease number of Java threads
#   Decrease Java thread stack sizes (-Xss)
#   Set larger code cache with -XX:ReservedCodeCacheSize=
#   JVM is running with Unscaled Compressed Oops mode in which the Java heap is
#     placed in the first 4GB address space. The Java Heap base address is the
#     maximum limit for the native heap growth. Please use -XX:HeapBaseMinAddress
#     to set the Java Heap base and to place the Java Heap above 4GB virtual address.
# This output file may be truncated or incomplete.
#
#  Out of Memory Error (allocation.cpp:44), pid=14560, tid=3448
#
# JRE version: OpenJDK Runtime Environment Temurin-21.0.9+10 (21.0.9+10) (build 21.0.9+10-LTS)
# Java VM: OpenJDK 64-Bit Server VM Temurin-21.0.9+10 (21.0.9+10-LTS, mixed mode, sharing, tiered, compressed oops, compressed class ptrs, parallel gc, windows-amd64)
# No core dump will be written. Minidumps are not enabled by default on client versions of Windows
#

---------------  S U M M A R Y ------------

Command Line: --add-modules=ALL-SYSTEM --add-opens=java.base/java.util=ALL-UNNAMED --add-opens=java.base/java.lang=ALL-UNNAMED --add-opens=java.base/sun.nio.fs=ALL-UNNAMED -Declipse.application=org.eclipse.jdt.ls.core.id1 -Dosgi.bundles.defaultStartLevel=4 -Declipse.product=org.eclipse.jdt.ls.core.product -Djava.import.generatesMetadataFilesAtProjectRoot=false -DDetectVMInstallationsJob.disabled=true -Dfile.encoding=utf8 -XX:+UseParallelGC -XX:GCTimeRatio=4 -XX:AdaptiveSizePolicyWeight=90 -Dsun.zip.disableMemoryMapping=true -Xmx2G -Xms100m -Xlog:disable -javaagent:c:\Users\Jairo\.vscode\extensions\redhat.java-1.52.0-win32-x64\lombok\lombok-1.18.39-4050.jar -XX:+HeapDumpOnOutOfMemoryError -XX:HeapDumpPath=c:\Users\Jairo\AppData\Roaming\Code\User\workspaceStorage\d11edec619f66bda68dd043fb4a0bbbe\redhat.java -Daether.dependencyCollector.impl=bf c:\Users\Jairo\.vscode\extensions\redhat.java-1.52.0-win32-x64\server\plugins\org.eclipse.equinox.launcher_1.7.100.v20251111-0406.jar -configuration c:\Users\Jairo\AppData\Roaming\Code\User\globalStorage\redhat.java\1.52.0\config_win -data c:\Users\Jairo\AppData\Roaming\Code\User\workspaceStorage\d11edec619f66bda68dd043fb4a0bbbe\redhat.java\jdt_ws --pipe=\\.\pipe\lsp-c00df9cc67504ffd2131ffb2c77d6631-sock

Host: Intel(R) Core(TM) i7-1065G7 CPU @ 1.30GHz, 8 cores, 7G,  Windows 11 , 64 bit Build 26100 (10.0.26100.7623)
Time: Sun Feb  1 19:51:36 2026 Hora estándar central (México) elapsed time: 342.407085 seconds (0d 0h 5m 42s)

---------------  T H R E A D  ---------------

Current thread (0x000001dc88d3a3a0):  JavaThread "Attach Listener" daemon [_thread_in_vm, id=3448, stack(0x000000b946300000,0x000000b946400000) (1024K)]

Stack: [0x000000b946300000,0x000000b946400000]
Native frames: (J=compiled Java code, j=interpreted, Vv=VM code, C=native code)
V  [jvm.dll+0x6d6e29]
V  [jvm.dll+0x8b4b76]
V  [jvm.dll+0x8b712e]
V  [jvm.dll+0x8b7813]
V  [jvm.dll+0x283d86]
V  [jvm.dll+0xc1277]
V  [jvm.dll+0x6d76d9]
V  [jvm.dll+0x133466]
V  [jvm.dll+0x3f7ea6]
V  [jvm.dll+0x85e9ad]
V  [jvm.dll+0x6d565d]
C  [ucrtbase.dll+0x37b0]
C  [KERNEL32.DLL+0x2e8d7]
C  [ntdll.dll+0x8c53c]


---------------  P R O C E S S  ---------------

Threads class SMR info:
_java_thread_list=0x000001dcecfd40b0, length=40, elements={
0x000001dc8695c7b0, 0x000001dc88e7b400, 0x000001dc88e7e6e0, 0x000001dc88d36000,
0x000001dc88d3a3a0, 0x000001dc88d37c40, 0x000001dc88d382d0, 0x000001dc88d55d60,
0x000001dc88d5ab00, 0x000001dc88d39d10, 0x000001dc88d36f20, 0x000001dc88d38960,
0x000001dc88d38ff0, 0x000001dc88d39680, 0x000001dce6b980b0, 0x000001dce6b9a810,
0x000001dce6b99af0, 0x000001dce6b98740, 0x000001dce6b98dd0, 0x000001dce6b97a20,
0x000001dce6b9d600, 0x000001dce6b9e320, 0x000001dce6b9b530, 0x000001dce6b9c8e0,
0x000001dce6b9cf70, 0x000001dceb0bff80, 0x000001dceb0c26e0, 0x000001dceb0bf260,
0x000001dceb0c2d70, 0x000001dceb0c4e40, 0x000001dceb0c4120, 0x000001dceb0c47b0,
0x000001dceb0c3a90, 0x000001dceb0c54d0, 0x000001dceb0c5b60, 0x000001dce96560b0,
0x000001dce9658810, 0x000001dce9656740, 0x000001dce9659530, 0x000001dce965a250
}

Java Threads: ( => current thread )
  0x000001dc8695c7b0 JavaThread "main"                              [_thread_blocked, id=20940, stack(0x000000b945c00000,0x000000b945d00000) (1024K)]
  0x000001dc88e7b400 JavaThread "Reference Handler"          daemon [_thread_blocked, id=21844, stack(0x000000b946000000,0x000000b946100000) (1024K)]
  0x000001dc88e7e6e0 JavaThread "Finalizer"                  daemon [_thread_blocked, id=24444, stack(0x000000b946100000,0x000000b946200000) (1024K)]
  0x000001dc88d36000 JavaThread "Signal Dispatcher"          daemon [_thread_blocked, id=7564, stack(0x000000b946200000,0x000000b946300000) (1024K)]
=>0x000001dc88d3a3a0 JavaThread "Attach Listener"            daemon [_thread_in_vm, id=3448, stack(0x000000b946300000,0x000000b946400000) (1024K)]
  0x000001dc88d37c40 JavaThread "Service Thread"             daemon [_thread_blocked, id=22196, stack(0x000000b946400000,0x000000b946500000) (1024K)]
  0x000001dc88d382d0 JavaThread "Monitor Deflation Thread"   daemon [_thread_blocked, id=12096, stack(0x000000b946500000,0x000000b946600000) (1024K)]
  0x000001dc88d55d60 JavaThread "C2 CompilerThread0"         daemon [_thread_blocked, id=25496, stack(0x000000b946600000,0x000000b946700000) (1024K)]
  0x000001dc88d5ab00 JavaThread "C1 CompilerThread0"         daemon [_thread_blocked, id=22876, stack(0x000000b946700000,0x000000b946800000) (1024K)]
  0x000001dc88d39d10 JavaThread "Common-Cleaner"             daemon [_thread_blocked, id=24456, stack(0x000000b946900000,0x000000b946a00000) (1024K)]
  0x000001dc88d36f20 JavaThread "Notification Thread"        daemon [_thread_blocked, id=16988, stack(0x000000b946a00000,0x000000b946b00000) (1024K)]
  0x000001dc88d38960 JavaThread "Active Thread: Equinox Container: 37b47fa4-82d1-4d5b-937a-7589349d59e1"        [_thread_blocked, id=13724, stack(0x000000b947200000,0x000000b947300000) (1024K)]
  0x000001dc88d38ff0 JavaThread "Refresh Thread: Equinox Container: 37b47fa4-82d1-4d5b-937a-7589349d59e1" daemon [_thread_blocked, id=22932, stack(0x000000b947400000,0x000000b947500000) (1024K)]
  0x000001dc88d39680 JavaThread "Framework Event Dispatcher: Equinox Container: 37b47fa4-82d1-4d5b-937a-7589349d59e1" daemon [_thread_blocked, id=23972, stack(0x000000b947500000,0x000000b947600000) (1024K)]
  0x000001dce6b980b0 JavaThread "Start Level: Equinox Container: 37b47fa4-82d1-4d5b-937a-7589349d59e1" daemon [_thread_blocked, id=24664, stack(0x000000b947600000,0x000000b947700000) (1024K)]
  0x000001dce6b9a810 JavaThread "Bundle File Closer"         daemon [_thread_blocked, id=19636, stack(0x000000b947700000,0x000000b947800000) (1024K)]
  0x000001dce6b99af0 JavaThread "SCR Component Actor"        daemon [_thread_blocked, id=19552, stack(0x000000b946800000,0x000000b946900000) (1024K)]
  0x000001dce6b98740 JavaThread "Worker-JM"                         [_thread_blocked, id=21976, stack(0x000000b947900000,0x000000b947a00000) (1024K)]
  0x000001dce6b98dd0 JavaThread "JNA Cleaner"                daemon [_thread_blocked, id=2136, stack(0x000000b946b00000,0x000000b946c00000) (1024K)]
  0x000001dce6b97a20 JavaThread "Worker-2"                          [_thread_blocked, id=17888, stack(0x000000b947c00000,0x000000b947d00000) (1024K)]
  0x000001dce6b9d600 JavaThread "Java indexing"              daemon [_thread_blocked, id=15856, stack(0x000000b947f00000,0x000000b948000000) (1024K)]
  0x000001dce6b9e320 JavaThread "Worker-5"                          [_thread_blocked, id=14904, stack(0x000000b948100000,0x000000b948200000) (1024K)]
  0x000001dce6b9b530 JavaThread "LocalFile Deleter"          daemon [_thread_blocked, id=21348, stack(0x000000b948300000,0x000000b948400000) (1024K)]
  0x000001dce6b9c8e0 JavaThread "LocalFile Deleter"          daemon [_thread_blocked, id=16944, stack(0x000000b948500000,0x000000b948600000) (1024K)]
  0x000001dce6b9cf70 JavaThread "LocalFile Deleter"          daemon [_thread_blocked, id=10448, stack(0x000000b948600000,0x000000b948700000) (1024K)]
  0x000001dceb0bff80 JavaThread "Thread-1"                   daemon [_thread_in_native, id=18568, stack(0x000000b949200000,0x000000b949300000) (1024K)]
  0x000001dceb0c26e0 JavaThread "Thread-2"                   daemon [_thread_in_native, id=21496, stack(0x000000b949300000,0x000000b949400000) (1024K)]
  0x000001dceb0bf260 JavaThread "Thread-3"                   daemon [_thread_in_native, id=15432, stack(0x000000b949400000,0x000000b949500000) (1024K)]
  0x000001dceb0c2d70 JavaThread "Thread-4"                   daemon [_thread_in_native, id=14320, stack(0x000000b949500000,0x000000b949600000) (1024K)]
  0x000001dceb0c4e40 JavaThread "Thread-5"                   daemon [_thread_in_native, id=15304, stack(0x000000b949600000,0x000000b949700000) (1024K)]
  0x000001dceb0c4120 JavaThread "Thread-6"                   daemon [_thread_in_native, id=23168, stack(0x000000b949700000,0x000000b949800000) (1024K)]
  0x000001dceb0c47b0 JavaThread "Thread-7"                   daemon [_thread_in_native, id=21812, stack(0x000000b949800000,0x000000b949900000) (1024K)]
  0x000001dceb0c3a90 JavaThread "Thread-8"                   daemon [_thread_in_native, id=13660, stack(0x000000b949900000,0x000000b949a00000) (1024K)]
  0x000001dceb0c54d0 JavaThread "Thread-9"                   daemon [_thread_in_native, id=13272, stack(0x000000b949a00000,0x000000b949b00000) (1024K)]
  0x000001dceb0c5b60 JavaThread "pool-2-thread-1"                   [_thread_blocked, id=16768, stack(0x000000b949b00000,0x000000b949c00000) (1024K)]
  0x000001dce96560b0 JavaThread "WorkspaceEventsHandler"            [_thread_blocked, id=24780, stack(0x000000b949c00000,0x000000b949d00000) (1024K)]
  0x000001dce9658810 JavaThread "pool-1-thread-1"                   [_thread_blocked, id=18584, stack(0x000000b949d00000,0x000000b949e00000) (1024K)]
  0x000001dce9656740 JavaThread "ForkJoinPool.commonPool-worker-2" daemon [_thread_blocked, id=17440, stack(0x000000b94a000000,0x000000b94a100000) (1024K)]
  0x000001dce9659530 JavaThread "ForkJoinPool.commonPool-worker-3" daemon [_thread_blocked, id=3424, stack(0x000000b94a100000,0x000000b94a200000) (1024K)]
  0x000001dce965a250 JavaThread "ForkJoinPool.commonPool-worker-7" daemon [_thread_blocked, id=16040, stack(0x000000b94a500000,0x000000b94a600000) (1024K)]
Total: 40

Other Threads:
  0x000001dc88e60ae0 VMThread "VM Thread"                           [id=18252, stack(0x000000b945f00000,0x000000b946000000) (1024K)]
  0x000001dc88e31bd0 WatcherThread "VM Periodic Task Thread"        [id=18308, stack(0x000000b945e00000,0x000000b945f00000) (1024K)]
  0x000001dc88de2680 WorkerThread "GC Thread#0"                     [id=25216, stack(0x000000b945d00000,0x000000b945e00000) (1024K)]
  0x000001dce63c3ae0 WorkerThread "GC Thread#1"                     [id=21900, stack(0x000000b946c00000,0x000000b946d00000) (1024K)]
  0x000001dce6c15920 WorkerThread "GC Thread#2"                     [id=7456, stack(0x000000b946d00000,0x000000b946e00000) (1024K)]
  0x000001dce63c3e80 WorkerThread "GC Thread#3"                     [id=16924, stack(0x000000b946e00000,0x000000b946f00000) (1024K)]
  0x000001dce63c4220 WorkerThread "GC Thread#4"                     [id=22400, stack(0x000000b946f00000,0x000000b947000000) (1024K)]
  0x000001dce662e390 WorkerThread "GC Thread#5"                     [id=10908, stack(0x000000b947000000,0x000000b947100000) (1024K)]
  0x000001dce662e730 WorkerThread "GC Thread#6"                     [id=18764, stack(0x000000b947100000,0x000000b947200000) (1024K)]
  0x000001dce684b0b0 WorkerThread "GC Thread#7"                     [id=13076, stack(0x000000b947300000,0x000000b947400000) (1024K)]
Total: 10

Threads with active compile tasks:
Total: 0

VM state: not at safepoint (normal execution)

VM Mutex/Monitor currently owned by a thread: None

Heap address: 0x0000000080000000, size: 2048 MB, Compressed Oops mode: 32-bit

CDS archive(s) mapped at: [0x000001dca0000000-0x000001dca0ba0000-0x000001dca0ba0000), size 12189696, SharedBaseAddress: 0x000001dca0000000, ArchiveRelocationMode: 1.
Compressed class space mapped at: 0x000001dca1000000-0x000001dce1000000, reserved size: 1073741824
Narrow klass base: 0x000001dca0000000, Narrow klass shift: 0, Narrow klass range: 0x100000000

GC Precious Log:
 CardTable entry size: 512
 CPUs: 8 total, 8 available
 Memory: 7959M
 Large Page Support: Disabled
 NUMA Support: Disabled
 Compressed Oops: Enabled (32-bit)
 Alignments: Space 512K, Generation 512K, Heap 2M
 Heap Min Capacity: 100M
 Heap Initial Capacity: 100M
 Heap Max Capacity: 2G
 Pre-touch: Disabled
 Parallel Workers: 8

Heap:
 PSYoungGen      total 13824K, used 5386K [0x00000000d5580000, 0x00000000d6680000, 0x0000000100000000)
  eden space 12800K, 34% used [0x00000000d5580000,0x00000000d59c63e0,0x00000000d6200000)
  from space 1024K, 98% used [0x00000000d6500000,0x00000000d65fc460,0x00000000d6600000)
  to   space 512K, 0% used [0x00000000d6600000,0x00000000d6600000,0x00000000d6680000)
 ParOldGen       total 70656K, used 70410K [0x0000000080000000, 0x0000000084500000, 0x00000000d5580000)
  object space 70656K, 99% used [0x0000000080000000,0x00000000844c2ae0,0x0000000084500000)
 Metaspace       used 63010K, committed 64448K, reserved 1114112K
  class space    used 6488K, committed 7104K, reserved 1048576K

Card table byte_map: [0x000001dc88760000,0x000001dc88b70000] _byte_map_base: 0x000001dc88360000

Marking Bits: (ParMarkBitMap*) 0x00007ffa63282460
 Begin Bits: [0x000001dc9b270000, 0x000001dc9d270000)
 End Bits:   [0x000001dc9d270000, 0x000001dc9f270000)

Polling page: 0x000001dc86c20000

Metaspace:

Usage:
  Non-class:     55.20 MB used.
      Class:      6.34 MB used.
       Both:     61.53 MB used.

Virtual space:
  Non-class space:       64.00 MB reserved,      56.00 MB ( 88%) committed,  1 nodes.
      Class space:        1.00 GB reserved,       6.94 MB ( <1%) committed,  1 nodes.
             Both:        1.06 GB reserved,      62.94 MB (  6%) committed. 

Chunk freelists:
   Non-Class:  8.04 MB
       Class:  9.01 MB
        Both:  17.05 MB

MaxMetaspaceSize: unlimited
CompressedClassSpaceSize: 1.00 GB
Initial GC threshold: 21.00 MB
Current GC threshold: 97.31 MB
CDS: on
 - commit_granule_bytes: 65536.
 - commit_granule_words: 8192.
 - virtual_space_node_default_size: 8388608.
 - enlarge_chunks_in_place: 1.
 - use_allocation_guard: 0.


Internal statistics:

num_allocs_failed_limit: 9.
num_arena_births: 1140.
num_arena_deaths: 42.
num_vsnodes_births: 2.
num_vsnodes_deaths: 0.
num_space_committed: 1007.
num_space_uncommitted: 0.
num_chunks_returned_to_freelist: 60.
num_chunks_taken_from_freelist: 4323.
num_chunk_merges: 14.
num_chunk_splits: 2526.
num_chunks_enlarged: 1285.
num_inconsistent_stats: 0.

CodeHeap 'non-profiled nmethods': size=120000Kb used=6537Kb max_used=6537Kb free=113462Kb
 bounds [0x000001dc93a90000, 0x000001dc94100000, 0x000001dc9afc0000]
CodeHeap 'profiled nmethods': size=120000Kb used=25348Kb max_used=25348Kb free=94651Kb
 bounds [0x000001dc8bfc0000, 0x000001dc8d890000, 0x000001dc934f0000]
CodeHeap 'non-nmethods': size=5760Kb used=1441Kb max_used=1514Kb free=4318Kb
 bounds [0x000001dc934f0000, 0x000001dc93760000, 0x000001dc93a90000]
CodeCache: size=245760Kb, used=33326Kb, max_used=33399Kb, free=212431Kb
 total_blobs=11171, nmethods=10428, adapters=646, full_count=0
Compilation: enabled, stopped_count=0, restarted_count=0

Compilation events (20 events):
Event: 306.355 Thread 0x000001dc88d5ab00 11174   !   3       sun.nio.ch.PendingIoCache::add (85 bytes)
Event: 306.355 Thread 0x000001dce9a25e40 11178       4       com.google.gson.stream.JsonWriter::string (171 bytes)
Event: 306.355 Thread 0x000001dc88d5ab00 nmethod 11174 0x000001dc8d87db90 code [0x000001dc8d87dda0, 0x000001dc8d87e2a0]
Event: 306.356 Thread 0x000001dc88d5ab00 11175       3       sun.nio.ch.WindowsAsynchronousFileChannelImpl::getByOverlapped (9 bytes)
Event: 306.356 Thread 0x000001dc88d5ab00 nmethod 11175 0x000001dc8d87e610 code [0x000001dc8d87e7c0, 0x000001dc8d87e918]
Event: 306.356 Thread 0x000001dc88d5ab00 11176   !   3       sun.nio.ch.PendingIoCache::remove (89 bytes)
Event: 306.356 Thread 0x000001dc88d5ab00 nmethod 11176 0x000001dc8d87ea10 code [0x000001dc8d87ec40, 0x000001dc8d87f3d8]
Event: 306.356 Thread 0x000001dc88d5ab00 11177       3       sun.nio.ch.Util::releaseTemporaryDirectBuffer (5 bytes)
Event: 306.356 Thread 0x000001dc88d5ab00 nmethod 11177 0x000001dc8d87f790 code [0x000001dc8d87f940, 0x000001dc8d87fa58]
Event: 306.357 Thread 0x000001dc88d55d60 11179       4       com.google.gson.stream.JsonReader::nextQuotedValue (296 bytes)
Event: 306.401 Thread 0x000001dce9a25e40 nmethod 11178 0x000001dc940e8410 code [0x000001dc940e8840, 0x000001dc940ebd98]
Event: 306.410 Thread 0x000001dc88d55d60 nmethod 11179 0x000001dc940ed790 code [0x000001dc940edb80, 0x000001dc940f0ab0]
Event: 318.412 Thread 0x000001dc88d5ab00 11180       3       jdk.internal.misc.Unsafe::freeMemory (18 bytes)
Event: 318.413 Thread 0x000001dc88d5ab00 nmethod 11180 0x000001dc8d87fb10 code [0x000001dc8d87fce0, 0x000001dc8d87ffc0]
Event: 318.413 Thread 0x000001dc88d5ab00 11181       3       jdk.internal.misc.Unsafe::freeMemoryChecks (7 bytes)
Event: 318.413 Thread 0x000001dc88d5ab00 nmethod 11181 0x000001dc8d880110 code [0x000001dc8d8802c0, 0x000001dc8d8804c0]
Event: 320.009 Thread 0x000001dc88d5ab00 11182       3       java.util.concurrent.Executors$RunnableAdapter::call (14 bytes)
Event: 320.010 Thread 0x000001dc88d5ab00 nmethod 11182 0x000001dc8d880590 code [0x000001dc8d880740, 0x000001dc8d880928]
Event: 320.465 Thread 0x000001dc88d5ab00 11183   !   3       java.util.concurrent.locks.AbstractQueuedSynchronizer::tryInitializeHead (66 bytes)
Event: 320.465 Thread 0x000001dc88d5ab00 nmethod 11183 0x000001dc8d880a10 code [0x000001dc8d880c00, 0x000001dc8d881128]

GC Heap History (20 events):
Event: 20.408 GC heap before
{Heap before GC invocations=55 (full 3):
 PSYoungGen      total 17408K, used 16416K [0x00000000d5580000, 0x00000000d6a80000, 0x0000000100000000)
  eden space 15872K, 100% used [0x00000000d5580000,0x00000000d6500000,0x00000000d6500000)
  from space 1536K, 35% used [0x00000000d6780000,0x00000000d6808000,0x00000000d6900000)
  to   space 1024K, 0% used [0x00000000d6980000,0x00000000d6980000,0x00000000d6a80000)
 ParOldGen       total 68608K, used 57284K [0x0000000080000000, 0x0000000084300000, 0x00000000d5580000)
  object space 68608K, 83% used [0x0000000080000000,0x00000000837f1368,0x0000000084300000)
 Metaspace       used 61837K, committed 63296K, reserved 1114112K
  class space    used 6408K, committed 7040K, reserved 1048576K
}
Event: 20.412 GC heap after
{Heap after GC invocations=55 (full 3):
 PSYoungGen      total 16896K, used 576K [0x00000000d5580000, 0x00000000d6a80000, 0x0000000100000000)
  eden space 15872K, 0% used [0x00000000d5580000,0x00000000d5580000,0x00000000d6500000)
  from space 1024K, 56% used [0x00000000d6980000,0x00000000d6a10000,0x00000000d6a80000)
  to   space 1024K, 0% used [0x00000000d6880000,0x00000000d6880000,0x00000000d6980000)
 ParOldGen       total 68608K, used 57700K [0x0000000080000000, 0x0000000084300000, 0x00000000d5580000)
  object space 68608K, 84% used [0x0000000080000000,0x0000000083859368,0x0000000084300000)
 Metaspace       used 61837K, committed 63296K, reserved 1114112K
  class space    used 6408K, committed 7040K, reserved 1048576K
}
Event: 20.471 GC heap before
{Heap before GC invocations=56 (full 3):
 PSYoungGen      total 16896K, used 16448K [0x00000000d5580000, 0x00000000d6a80000, 0x0000000100000000)
  eden space 15872K, 100% used [0x00000000d5580000,0x00000000d6500000,0x00000000d6500000)
  from space 1024K, 56% used [0x00000000d6980000,0x00000000d6a10000,0x00000000d6a80000)
  to   space 1024K, 0% used [0x00000000d6880000,0x00000000d6880000,0x00000000d6980000)
 ParOldGen       total 68608K, used 57700K [0x0000000080000000, 0x0000000084300000, 0x00000000d5580000)
  object space 68608K, 84% used [0x0000000080000000,0x0000000083859368,0x0000000084300000)
 Metaspace       used 61847K, committed 63296K, reserved 1114112K
  class space    used 6408K, committed 7040K, reserved 1048576K
}
Event: 20.476 GC heap after
{Heap after GC invocations=56 (full 3):
 PSYoungGen      total 16896K, used 1004K [0x00000000d5580000, 0x00000000d6a00000, 0x0000000100000000)
  eden space 15872K, 0% used [0x00000000d5580000,0x00000000d5580000,0x00000000d6500000)
  from space 1024K, 98% used [0x00000000d6880000,0x00000000d697b268,0x00000000d6980000)
  to   space 512K, 0% used [0x00000000d6980000,0x00000000d6980000,0x00000000d6a00000)
 ParOldGen       total 68608K, used 58556K [0x0000000080000000, 0x0000000084300000, 0x00000000d5580000)
  object space 68608K, 85% used [0x0000000080000000,0x000000008392f038,0x0000000084300000)
 Metaspace       used 61847K, committed 63296K, reserved 1114112K
  class space    used 6408K, committed 7040K, reserved 1048576K
}
Event: 20.548 GC heap before
{Heap before GC invocations=57 (full 3):
 PSYoungGen      total 16896K, used 16876K [0x00000000d5580000, 0x00000000d6a00000, 0x0000000100000000)
  eden space 15872K, 100% used [0x00000000d5580000,0x00000000d6500000,0x00000000d6500000)
  from space 1024K, 98% used [0x00000000d6880000,0x00000000d697b268,0x00000000d6980000)
  to   space 512K, 0% used [0x00000000d6980000,0x00000000d6980000,0x00000000d6a00000)
 ParOldGen       total 68608K, used 58556K [0x0000000080000000, 0x0000000084300000, 0x00000000d5580000)
  object space 68608K, 85% used [0x0000000080000000,0x000000008392f038,0x0000000084300000)
 Metaspace       used 61887K, committed 63424K, reserved 1114112K
  class space    used 6408K, committed 7040K, reserved 1048576K
}
Event: 20.552 GC heap after
{Heap after GC invocations=57 (full 3):
 PSYoungGen      total 16384K, used 489K [0x00000000d5580000, 0x00000000d6c00000, 0x0000000100000000)
  eden space 15872K, 0% used [0x00000000d5580000,0x00000000d5580000,0x00000000d6500000)
  from space 512K, 95% used [0x00000000d6980000,0x00000000d69fa550,0x00000000d6a00000)
  to   space 3584K, 0% used [0x00000000d6500000,0x00000000d6500000,0x00000000d6880000)
 ParOldGen       total 68608K, used 60930K [0x0000000080000000, 0x0000000084300000, 0x00000000d5580000)
  object space 68608K, 88% used [0x0000000080000000,0x0000000083b80958,0x0000000084300000)
 Metaspace       used 61887K, committed 63424K, reserved 1114112K
  class space    used 6408K, committed 7040K, reserved 1048576K
}
Event: 20.715 GC heap before
{Heap before GC invocations=58 (full 3):
 PSYoungGen      total 16384K, used 16361K [0x00000000d5580000, 0x00000000d6c00000, 0x0000000100000000)
  eden space 15872K, 100% used [0x00000000d5580000,0x00000000d6500000,0x00000000d6500000)
  from space 512K, 95% used [0x00000000d6980000,0x00000000d69fa550,0x00000000d6a00000)
  to   space 3584K, 0% used [0x00000000d6500000,0x00000000d6500000,0x00000000d6880000)
 ParOldGen       total 68608K, used 60930K [0x0000000080000000, 0x0000000084300000, 0x00000000d5580000)
  object space 68608K, 88% used [0x0000000080000000,0x0000000083b80958,0x0000000084300000)
 Metaspace       used 62103K, committed 63616K, reserved 1114112K
  class space    used 6416K, committed 7040K, reserved 1048576K
}
Event: 20.718 GC heap after
{Heap after GC invocations=58 (full 3):
 PSYoungGen      total 18944K, used 2785K [0x00000000d5580000, 0x00000000d6b00000, 0x0000000100000000)
  eden space 15872K, 0% used [0x00000000d5580000,0x00000000d5580000,0x00000000d6500000)
  from space 3072K, 90% used [0x00000000d6500000,0x00000000d67b8690,0x00000000d6800000)
  to   space 3072K, 0% used [0x00000000d6800000,0x00000000d6800000,0x00000000d6b00000)
 ParOldGen       total 68608K, used 61348K [0x0000000080000000, 0x0000000084300000, 0x00000000d5580000)
  object space 68608K, 89% used [0x0000000080000000,0x0000000083be9250,0x0000000084300000)
 Metaspace       used 62103K, committed 63616K, reserved 1114112K
  class space    used 6416K, committed 7040K, reserved 1048576K
}
Event: 20.905 GC heap before
{Heap before GC invocations=59 (full 3):
 PSYoungGen      total 18944K, used 18657K [0x00000000d5580000, 0x00000000d6b00000, 0x0000000100000000)
  eden space 15872K, 100% used [0x00000000d5580000,0x00000000d6500000,0x00000000d6500000)
  from space 3072K, 90% used [0x00000000d6500000,0x00000000d67b8690,0x00000000d6800000)
  to   space 3072K, 0% used [0x00000000d6800000,0x00000000d6800000,0x00000000d6b00000)
 ParOldGen       total 68608K, used 61348K [0x0000000080000000, 0x0000000084300000, 0x00000000d5580000)
  object space 68608K, 89% used [0x0000000080000000,0x0000000083be9250,0x0000000084300000)
 Metaspace       used 62184K, committed 63680K, reserved 1114112K
  class space    used 6416K, committed 7040K, reserved 1048576K
}
Event: 20.913 GC heap after
{Heap after GC invocations=59 (full 3):
 PSYoungGen      total 18432K, used 2176K [0x00000000d5580000, 0x00000000d6a80000, 0x0000000100000000)
  eden space 15872K, 0% used [0x00000000d5580000,0x00000000d5580000,0x00000000d6500000)
  from space 2560K, 85% used [0x00000000d6800000,0x00000000d6a20020,0x00000000d6a80000)
  to   space 2560K, 0% used [0x00000000d6580000,0x00000000d6580000,0x00000000d6800000)
 ParOldGen       total 68608K, used 63119K [0x0000000080000000, 0x0000000084300000, 0x00000000d5580000)
  object space 68608K, 92% used [0x0000000080000000,0x0000000083da3e10,0x0000000084300000)
 Metaspace       used 62184K, committed 63680K, reserved 1114112K
  class space    used 6416K, committed 7040K, reserved 1048576K
}
Event: 21.255 GC heap before
{Heap before GC invocations=60 (full 3):
 PSYoungGen      total 18432K, used 18048K [0x00000000d5580000, 0x00000000d6a80000, 0x0000000100000000)
  eden space 15872K, 100% used [0x00000000d5580000,0x00000000d6500000,0x00000000d6500000)
  from space 2560K, 85% used [0x00000000d6800000,0x00000000d6a20020,0x00000000d6a80000)
  to   space 2560K, 0% used [0x00000000d6580000,0x00000000d6580000,0x00000000d6800000)
 ParOldGen       total 68608K, used 63119K [0x0000000080000000, 0x0000000084300000, 0x00000000d5580000)
  object space 68608K, 92% used [0x0000000080000000,0x0000000083da3e10,0x0000000084300000)
 Metaspace       used 62300K, committed 63808K, reserved 1114112K
  class space    used 6420K, committed 7104K, reserved 1048576K
}
Event: 21.263 GC heap after
{Heap after GC invocations=60 (full 3):
 PSYoungGen      total 17920K, used 1580K [0x00000000d5580000, 0x00000000d6900000, 0x0000000100000000)
  eden space 15872K, 0% used [0x00000000d5580000,0x00000000d5580000,0x00000000d6500000)
  from space 2048K, 77% used [0x00000000d6580000,0x00000000d670b2e0,0x00000000d6780000)
  to   space 1536K, 0% used [0x00000000d6780000,0x00000000d6780000,0x00000000d6900000)
 ParOldGen       total 68608K, used 65104K [0x0000000080000000, 0x0000000084300000, 0x00000000d5580000)
  object space 68608K, 94% used [0x0000000080000000,0x0000000083f940e0,0x0000000084300000)
 Metaspace       used 62300K, committed 63808K, reserved 1114112K
  class space    used 6420K, committed 7104K, reserved 1048576K
}
Event: 21.571 GC heap before
{Heap before GC invocations=61 (full 3):
 PSYoungGen      total 17920K, used 16371K [0x00000000d5580000, 0x00000000d6900000, 0x0000000100000000)
  eden space 15872K, 93% used [0x00000000d5580000,0x00000000d63f1b20,0x00000000d6500000)
  from space 2048K, 77% used [0x00000000d6580000,0x00000000d670b2e0,0x00000000d6780000)
  to   space 1536K, 0% used [0x00000000d6780000,0x00000000d6780000,0x00000000d6900000)
 ParOldGen       total 68608K, used 65104K [0x0000000080000000, 0x0000000084300000, 0x00000000d5580000)
  object space 68608K, 94% used [0x0000000080000000,0x0000000083f940e0,0x0000000084300000)
 Metaspace       used 62473K, committed 64000K, reserved 1114112K
  class space    used 6431K, committed 7104K, reserved 1048576K
}
Event: 21.580 GC heap after
{Heap after GC invocations=61 (full 3):
 PSYoungGen      total 14336K, used 1530K [0x00000000d5580000, 0x00000000d7000000, 0x0000000100000000)
  eden space 12800K, 0% used [0x00000000d5580000,0x00000000d5580000,0x00000000d6200000)
  from space 1536K, 99% used [0x00000000d6780000,0x00000000d68febd0,0x00000000d6900000)
  to   space 5632K, 0% used [0x00000000d6200000,0x00000000d6200000,0x00000000d6780000)
 ParOldGen       total 68608K, used 68466K [0x0000000080000000, 0x0000000084300000, 0x00000000d5580000)
  object space 68608K, 99% used [0x0000000080000000,0x00000000842dca30,0x0000000084300000)
 Metaspace       used 62473K, committed 64000K, reserved 1114112K
  class space    used 6431K, committed 7104K, reserved 1048576K
}
Event: 21.633 GC heap before
{Heap before GC invocations=62 (full 3):
 PSYoungGen      total 14336K, used 13924K [0x00000000d5580000, 0x00000000d7000000, 0x0000000100000000)
  eden space 12800K, 96% used [0x00000000d5580000,0x00000000d619a680,0x00000000d6200000)
  from space 1536K, 99% used [0x00000000d6780000,0x00000000d68febd0,0x00000000d6900000)
  to   space 5632K, 0% used [0x00000000d6200000,0x00000000d6200000,0x00000000d6780000)
 ParOldGen       total 68608K, used 68466K [0x0000000080000000, 0x0000000084300000, 0x00000000d5580000)
  object space 68608K, 99% used [0x0000000080000000,0x00000000842dca30,0x0000000084300000)
 Metaspace       used 62473K, committed 64000K, reserved 1114112K
  class space    used 6431K, committed 7104K, reserved 1048576K
}
Event: 21.635 GC heap after
{Heap after GC invocations=62 (full 3):
 PSYoungGen      total 13312K, used 256K [0x00000000d5580000, 0x00000000d6800000, 0x0000000100000000)
  eden space 12800K, 0% used [0x00000000d5580000,0x00000000d5580000,0x00000000d6200000)
  from space 512K, 50% used [0x00000000d6200000,0x00000000d6240000,0x00000000d6280000)
  to   space 2048K, 0% used [0x00000000d6600000,0x00000000d6600000,0x00000000d6800000)
 ParOldGen       total 70144K, used 70002K [0x0000000080000000, 0x0000000084480000, 0x00000000d5580000)
  object space 70144K, 99% used [0x0000000080000000,0x000000008445c8d8,0x0000000084480000)
 Metaspace       used 62473K, committed 64000K, reserved 1114112K
  class space    used 6431K, committed 7104K, reserved 1048576K
}
Event: 21.749 GC heap before
{Heap before GC invocations=63 (full 3):
 PSYoungGen      total 13312K, used 12829K [0x00000000d5580000, 0x00000000d6800000, 0x0000000100000000)
  eden space 12800K, 98% used [0x00000000d5580000,0x00000000d61c7520,0x00000000d6200000)
  from space 512K, 50% used [0x00000000d6200000,0x00000000d6240000,0x00000000d6280000)
  to   space 2048K, 0% used [0x00000000d6600000,0x00000000d6600000,0x00000000d6800000)
 ParOldGen       total 70144K, used 70002K [0x0000000080000000, 0x0000000084480000, 0x00000000d5580000)
  object space 70144K, 99% used [0x0000000080000000,0x000000008445c8d8,0x0000000084480000)
 Metaspace       used 62562K, committed 64064K, reserved 1114112K
  class space    used 6445K, committed 7104K, reserved 1048576K
}
Event: 21.751 GC heap after
{Heap after GC invocations=63 (full 3):
 PSYoungGen      total 13824K, used 634K [0x00000000d5580000, 0x00000000d6700000, 0x0000000100000000)
  eden space 12800K, 0% used [0x00000000d5580000,0x00000000d5580000,0x00000000d6200000)
  from space 1024K, 61% used [0x00000000d6600000,0x00000000d669eb48,0x00000000d6700000)
  to   space 1024K, 0% used [0x00000000d6500000,0x00000000d6500000,0x00000000d6600000)
 ParOldGen       total 70144K, used 70050K [0x0000000080000000, 0x0000000084480000, 0x00000000d5580000)
  object space 70144K, 99% used [0x0000000080000000,0x00000000844688d8,0x0000000084480000)
 Metaspace       used 62562K, committed 64064K, reserved 1114112K
  class space    used 6445K, committed 7104K, reserved 1048576K
}
Event: 31.938 GC heap before
{Heap before GC invocations=64 (full 3):
 PSYoungGen      total 13824K, used 13434K [0x00000000d5580000, 0x00000000d6700000, 0x0000000100000000)
  eden space 12800K, 100% used [0x00000000d5580000,0x00000000d6200000,0x00000000d6200000)
  from space 1024K, 61% used [0x00000000d6600000,0x00000000d669eb48,0x00000000d6700000)
  to   space 1024K, 0% used [0x00000000d6500000,0x00000000d6500000,0x00000000d6600000)
 ParOldGen       total 70144K, used 70050K [0x0000000080000000, 0x0000000084480000, 0x00000000d5580000)
  object space 70144K, 99% used [0x0000000080000000,0x00000000844688d8,0x0000000084480000)
 Metaspace       used 62648K, committed 64128K, reserved 1114112K
  class space    used 6451K, committed 7104K, reserved 1048576K
}
Event: 31.939 GC heap after
{Heap after GC invocations=64 (full 3):
 PSYoungGen      total 13824K, used 1009K [0x00000000d5580000, 0x00000000d6680000, 0x0000000100000000)
  eden space 12800K, 0% used [0x00000000d5580000,0x00000000d5580000,0x00000000d6200000)
  from space 1024K, 98% used [0x00000000d6500000,0x00000000d65fc460,0x00000000d6600000)
  to   space 512K, 0% used [0x00000000d6600000,0x00000000d6600000,0x00000000d6680000)
 ParOldGen       total 70656K, used 70410K [0x0000000080000000, 0x0000000084500000, 0x00000000d5580000)
  object space 70656K, 99% used [0x0000000080000000,0x00000000844c2ae0,0x0000000084500000)
 Metaspace       used 62648K, committed 64128K, reserved 1114112K
  class space    used 6451K, committed 7104K, reserved 1048576K
}

Dll operation events (10 events):
Event: 0.016 Loaded shared library c:\Users\Jairo\.vscode\extensions\redhat.java-1.52.0-win32-x64\jre\21.0.9-win32-x86_64\bin\java.dll
Event: 0.108 Loaded shared library c:\Users\Jairo\.vscode\extensions\redhat.java-1.52.0-win32-x64\jre\21.0.9-win32-x86_64\bin\zip.dll
Event: 0.154 Loaded shared library C:\Users\Jairo\.vscode\extensions\redhat.java-1.52.0-win32-x64\jre\21.0.9-win32-x86_64\bin\instrument.dll
Event: 0.164 Loaded shared library C:\Users\Jairo\.vscode\extensions\redhat.java-1.52.0-win32-x64\jre\21.0.9-win32-x86_64\bin\net.dll
Event: 0.170 Loaded shared library C:\Users\Jairo\.vscode\extensions\redhat.java-1.52.0-win32-x64\jre\21.0.9-win32-x86_64\bin\nio.dll
Event: 0.175 Loaded shared library C:\Users\Jairo\.vscode\extensions\redhat.java-1.52.0-win32-x64\jre\21.0.9-win32-x86_64\bin\zip.dll
Event: 0.212 Loaded shared library C:\Users\Jairo\.vscode\extensions\redhat.java-1.52.0-win32-x64\jre\21.0.9-win32-x86_64\bin\jimage.dll
Event: 0.341 Loaded shared library c:\Users\Jairo\.vscode\extensions\redhat.java-1.52.0-win32-x64\jre\21.0.9-win32-x86_64\bin\verify.dll
Event: 2.242 Loaded shared library C:\Users\Jairo\AppData\Roaming\Code\User\globalStorage\redhat.java\1.52.0\config_win\org.eclipse.equinox.launcher\org.eclipse.equinox.launcher.win32.win32.x86_64_1.2.1500.v20260121-1430\eclipse_11919.dll
Event: 4.644 Loaded shared library C:\Users\Jairo\AppData\Local\Temp\jna-71334831\jna7077764969957246176.dll

Deoptimization events (20 events):
Event: 306.221 Thread 0x000001dce6b9e320 DEOPT PACKING pc=0x000001dc940c875c sp=0x000000b9481ff280
Event: 306.221 Thread 0x000001dce6b9e320 DEOPT UNPACKING pc=0x000001dc93546da2 sp=0x000000b9481ff238 mode 2
Event: 306.221 Thread 0x000001dce6b9e320 Uncommon trap: trap_request=0xffffffde fr.pc=0x000001dc940c875c relative=0x000000000000031c
Event: 306.221 Thread 0x000001dce6b9e320 Uncommon trap: reason=class_check action=maybe_recompile pc=0x000001dc940c875c method=java.io.DataOutputStream.writeByte(I)V @ 5 c2
Event: 306.221 Thread 0x000001dce6b9e320 DEOPT PACKING pc=0x000001dc940c875c sp=0x000000b9481ff280
Event: 306.221 Thread 0x000001dce6b9e320 DEOPT UNPACKING pc=0x000001dc93546da2 sp=0x000000b9481ff238 mode 2
Event: 306.221 Thread 0x000001dce6b9e320 Uncommon trap: trap_request=0xffffffde fr.pc=0x000001dc940c62e0 relative=0x0000000000000420
Event: 306.221 Thread 0x000001dce6b9e320 Uncommon trap: reason=class_check action=maybe_recompile pc=0x000001dc940c62e0 method=java.io.DataOutputStream.writeInt(I)V @ 19 c2
Event: 306.221 Thread 0x000001dce6b9e320 DEOPT PACKING pc=0x000001dc940c62e0 sp=0x000000b9481ff080
Event: 306.221 Thread 0x000001dce6b9e320 DEOPT UNPACKING pc=0x000001dc93546da2 sp=0x000000b9481ff028 mode 2
Event: 306.221 Thread 0x000001dce6b9e320 Uncommon trap: trap_request=0xffffffde fr.pc=0x000001dc940c62e0 relative=0x0000000000000420
Event: 306.221 Thread 0x000001dce6b9e320 Uncommon trap: reason=class_check action=maybe_recompile pc=0x000001dc940c62e0 method=java.io.DataOutputStream.writeInt(I)V @ 19 c2
Event: 306.221 Thread 0x000001dce6b9e320 DEOPT PACKING pc=0x000001dc940c62e0 sp=0x000000b9481ff020
Event: 306.221 Thread 0x000001dce6b9e320 DEOPT UNPACKING pc=0x000001dc93546da2 sp=0x000000b9481fefc8 mode 2
Event: 306.223 Thread 0x000001dce6b9e320 Uncommon trap: trap_request=0xffffff45 fr.pc=0x000001dc93c16dcc relative=0x00000000000001ac
Event: 306.223 Thread 0x000001dce6b9e320 Uncommon trap: reason=unstable_if action=reinterpret pc=0x000001dc93c16dcc method=jdk.internal.org.objectweb.asm.Frame.push(I)V @ 26 c2
Event: 306.223 Thread 0x000001dce6b9e320 DEOPT PACKING pc=0x000001dc93c16dcc sp=0x000000b9481fdac0
Event: 306.224 Thread 0x000001dce6b9e320 DEOPT UNPACKING pc=0x000001dc93546da2 sp=0x000000b9481fda48 mode 2
Event: 306.228 Thread 0x000001dce6b9e320 DEOPT PACKING pc=0x000001dc8d817e5e sp=0x000000b9481fedd0
Event: 306.228 Thread 0x000001dce6b9e320 DEOPT UNPACKING pc=0x000001dc935478e2 sp=0x000000b9481fe328 mode 0

Classes loaded (20 events):
Event: 306.191 Loading class java/util/stream/Nodes$CollectorTask$OfRef
Event: 306.192 Loading class java/util/stream/Nodes$CollectorTask
Event: 306.193 Loading class java/util/stream/Nodes$CollectorTask done
Event: 306.193 Loading class java/util/stream/Nodes$CollectorTask$OfRef done
Event: 306.193 Loading class java/util/function/LongFunction
Event: 306.193 Loading class java/util/function/LongFunction done
Event: 306.193 Loading class java/util/stream/Nodes$ConcNode
Event: 306.194 Loading class java/util/stream/Nodes$AbstractConcNode
Event: 306.194 Loading class java/util/stream/Nodes$AbstractConcNode done
Event: 306.194 Loading class java/util/stream/Nodes$ConcNode done
Event: 306.211 Loading class java/util/stream/Nodes$ToArrayTask$OfRef
Event: 306.212 Loading class java/util/stream/Nodes$ToArrayTask
Event: 306.212 Loading class java/util/stream/Nodes$ToArrayTask done
Event: 306.212 Loading class java/util/stream/Nodes$ToArrayTask$OfRef done
Event: 306.214 Loading class java/io/ObjectOutputStream$BlockDataOutputStream
Event: 306.215 Loading class java/io/ObjectOutputStream$BlockDataOutputStream done
Event: 306.215 Loading class java/io/ObjectOutputStream$HandleTable
Event: 306.215 Loading class java/io/ObjectOutputStream$HandleTable done
Event: 306.215 Loading class java/io/ObjectOutputStream$ReplaceTable
Event: 306.216 Loading class java/io/ObjectOutputStream$ReplaceTable done

Classes unloaded (20 events):
Event: 5.823 Thread 0x000001dc88e60ae0 Unloading class 0x000001dca11ad000 'java/lang/invoke/LambdaForm$MH+0x000001dca11ad000'
Event: 5.823 Thread 0x000001dc88e60ae0 Unloading class 0x000001dca11acc00 'java/lang/invoke/LambdaForm$MH+0x000001dca11acc00'
Event: 5.823 Thread 0x000001dc88e60ae0 Unloading class 0x000001dca11ac800 'java/lang/invoke/LambdaForm$MH+0x000001dca11ac800'
Event: 5.823 Thread 0x000001dc88e60ae0 Unloading class 0x000001dca11ac400 'java/lang/invoke/LambdaForm$BMH+0x000001dca11ac400'
Event: 5.823 Thread 0x000001dc88e60ae0 Unloading class 0x000001dca11ac000 'java/lang/invoke/LambdaForm$DMH+0x000001dca11ac000'
Event: 5.823 Thread 0x000001dc88e60ae0 Unloading class 0x000001dca11aac00 'java/lang/invoke/LambdaForm$DMH+0x000001dca11aac00'
Event: 8.588 Thread 0x000001dc88e60ae0 Unloading class 0x000001dca130e000 'java/lang/invoke/LambdaForm$MH+0x000001dca130e000'
Event: 8.588 Thread 0x000001dc88e60ae0 Unloading class 0x000001dca130d400 'java/lang/invoke/LambdaForm$MH+0x000001dca130d400'
Event: 8.588 Thread 0x000001dc88e60ae0 Unloading class 0x000001dca130cc00 'java/lang/invoke/LambdaForm$MH+0x000001dca130cc00'
Event: 8.588 Thread 0x000001dc88e60ae0 Unloading class 0x000001dca130c800 'java/lang/invoke/LambdaForm$MH+0x000001dca130c800'
Event: 8.588 Thread 0x000001dc88e60ae0 Unloading class 0x000001dca130c000 'java/lang/invoke/LambdaForm$DMH+0x000001dca130c000'
Event: 8.588 Thread 0x000001dc88e60ae0 Unloading class 0x000001dca130b800 'java/lang/invoke/LambdaForm$MH+0x000001dca130b800'
Event: 8.588 Thread 0x000001dc88e60ae0 Unloading class 0x000001dca1303c00 'java/lang/invoke/LambdaForm$MH+0x000001dca1303c00'
Event: 8.588 Thread 0x000001dc88e60ae0 Unloading class 0x000001dca1303400 'java/lang/invoke/LambdaForm$MH+0x000001dca1303400'
Event: 8.588 Thread 0x000001dc88e60ae0 Unloading class 0x000001dca1302c00 'java/lang/invoke/LambdaForm$MH+0x000001dca1302c00'
Event: 8.588 Thread 0x000001dc88e60ae0 Unloading class 0x000001dca1302400 'java/lang/invoke/LambdaForm$MH+0x000001dca1302400'
Event: 8.588 Thread 0x000001dc88e60ae0 Unloading class 0x000001dca1302000 'java/lang/invoke/LambdaForm$MH+0x000001dca1302000'
Event: 8.588 Thread 0x000001dc88e60ae0 Unloading class 0x000001dca1301400 'java/lang/invoke/LambdaForm$MH+0x000001dca1301400'
Event: 8.588 Thread 0x000001dc88e60ae0 Unloading class 0x000001dca1300c00 'java/lang/invoke/LambdaForm$MH+0x000001dca1300c00'
Event: 8.588 Thread 0x000001dc88e60ae0 Unloading class 0x000001dca1300400 'java/lang/invoke/LambdaForm$MH+0x000001dca1300400'

Classes redefined (0 events):
No events

Internal exceptions (20 events):
Event: 21.498 Thread 0x000001dce6b9e320 Exception <a 'sun/nio/fs/WindowsException'{0x00000000d5e90108}> (0x00000000d5e90108) 
thrown [s\src\hotspot\share\prims\jni.cpp, line 520]
Event: 21.516 Thread 0x000001dce9658ea0 Exception <a 'sun/nio/fs/WindowsException'{0x00000000d5fd02f0}> (0x00000000d5fd02f0) 
thrown [s\src\hotspot\share\prims\jni.cpp, line 520]
Event: 21.516 Thread 0x000001dce9658ea0 Exception <a 'sun/nio/fs/WindowsException'{0x00000000d5fd0bf0}> (0x00000000d5fd0bf0) 
thrown [s\src\hotspot\share\prims\jni.cpp, line 520]
Event: 21.517 Thread 0x000001dce9658ea0 Exception <a 'sun/nio/fs/WindowsException'{0x00000000d5fd1be8}> (0x00000000d5fd1be8) 
thrown [s\src\hotspot\share\prims\jni.cpp, line 520]
Event: 21.517 Thread 0x000001dce9658ea0 Exception <a 'sun/nio/fs/WindowsException'{0x00000000d5fd24e8}> (0x00000000d5fd24e8) 
thrown [s\src\hotspot\share\prims\jni.cpp, line 520]
Event: 21.530 Thread 0x000001dce9658ea0 Exception <a 'sun/nio/fs/WindowsException'{0x00000000d60c74b8}> (0x00000000d60c74b8) 
thrown [s\src\hotspot\share\prims\jni.cpp, line 520]
Event: 21.530 Thread 0x000001dce9658ea0 Exception <a 'sun/nio/fs/WindowsException'{0x00000000d60c7db8}> (0x00000000d60c7db8) 
thrown [s\src\hotspot\share\prims\jni.cpp, line 520]
Event: 21.531 Thread 0x000001dce9658ea0 Exception <a 'sun/nio/fs/WindowsException'{0x00000000d60c8d70}> (0x00000000d60c8d70) 
thrown [s\src\hotspot\share\prims\jni.cpp, line 520]
Event: 21.531 Thread 0x000001dce9658ea0 Exception <a 'sun/nio/fs/WindowsException'{0x00000000d60c93c0}> (0x00000000d60c93c0) 
thrown [s\src\hotspot\share\prims\jni.cpp, line 520]
Event: 21.536 Thread 0x000001dce9658ea0 Exception <a 'java/io/FileNotFoundException'{0x00000000d6135980}> (0x00000000d6135980) 
thrown [s\src\hotspot\share\prims\jni.cpp, line 520]
Event: 21.536 Thread 0x000001dce9658ea0 Exception <a 'java/io/FileNotFoundException'{0x00000000d61369e8}> (0x00000000d61369e8) 
thrown [s\src\hotspot\share\prims\jni.cpp, line 520]
Event: 21.550 Thread 0x000001dce6b9aea0 Exception <a 'sun/nio/fs/WindowsException'{0x00000000d61b6ed8}> (0x00000000d61b6ed8) 
thrown [s\src\hotspot\share\prims\jni.cpp, line 520]
Event: 21.551 Thread 0x000001dce6b9aea0 Exception <a 'sun/nio/fs/WindowsException'{0x00000000d61b7780}> (0x00000000d61b7780) 
thrown [s\src\hotspot\share\prims\jni.cpp, line 520]
Event: 21.551 Thread 0x000001dce6b9aea0 Exception <a 'sun/nio/fs/WindowsException'{0x00000000d61b86f0}> (0x00000000d61b86f0) 
thrown [s\src\hotspot\share\prims\jni.cpp, line 520]
Event: 21.551 Thread 0x000001dce6b9aea0 Exception <a 'sun/nio/fs/WindowsException'{0x00000000d61c2db0}> (0x00000000d61c2db0) 
thrown [s\src\hotspot\share\prims\jni.cpp, line 520]
Event: 21.552 Thread 0x000001dce6b9aea0 Exception <a 'sun/nio/fs/WindowsException'{0x00000000d61c4110}> (0x00000000d61c4110) 
thrown [s\src\hotspot\share\prims\jni.cpp, line 520]
Event: 21.552 Thread 0x000001dce6b9aea0 Exception <a 'sun/nio/fs/WindowsException'{0x00000000d61c4760}> (0x00000000d61c4760) 
thrown [s\src\hotspot\share\prims\jni.cpp, line 520]
Event: 21.552 Thread 0x000001dce6b9aea0 Exception <a 'sun/nio/fs/WindowsException'{0x00000000d61cae38}> (0x00000000d61cae38) 
thrown [s\src\hotspot\share\prims\jni.cpp, line 520]
Event: 21.552 Thread 0x000001dce6b9aea0 Exception <a 'sun/nio/fs/WindowsException'{0x00000000d61cb418}> (0x00000000d61cb418) 
thrown [s\src\hotspot\share\prims\jni.cpp, line 520]
Event: 306.225 Thread 0x000001dce6b9e320 Exception <a 'java/lang/NoSuchMethodError'{0x00000000d597e568}: 'java.lang.Object java.lang.invoke.DirectMethodHandle$Holder.newInvokeSpecial(java.lang.Object, java.lang.Object, java.lang.Object, java.lang.Object, java.lang.Object, java.lang.Object, java.lang.Object, java.lang.Object)'> (0x00000000d597e568) 
thrown [s\src\hotspot\share\interpreter\linkResolver.cpp, line 773]

ZGC Phase Switch (0 events):
No events

VM Operations (20 events):
Event: 60.031 Executing VM operation: HandshakeAllThreads (HandshakeForDeflation)
Event: 60.031 Executing VM operation: HandshakeAllThreads (HandshakeForDeflation) done
Event: 60.031 Executing VM operation: RendezvousGCThreads
Event: 60.031 Executing VM operation: RendezvousGCThreads done
Event: 120.088 Executing VM operation: HandshakeAllThreads (HandshakeForDeflation)
Event: 120.089 Executing VM operation: HandshakeAllThreads (HandshakeForDeflation) done
Event: 120.089 Executing VM operation: RendezvousGCThreads
Event: 120.089 Executing VM operation: RendezvousGCThreads done
Event: 260.220 Executing VM operation: Cleanup
Event: 260.221 Executing VM operation: Cleanup done
Event: 305.246 Executing VM operation: Cleanup
Event: 305.246 Executing VM operation: Cleanup done
Event: 306.239 Executing VM operation: HandshakeAllThreads (Deoptimize)
Event: 306.240 Executing VM operation: HandshakeAllThreads (Deoptimize) done
Event: 307.248 Executing VM operation: Cleanup
Event: 307.248 Executing VM operation: Cleanup done
Event: 330.399 Executing VM operation: Cleanup
Event: 330.399 Executing VM operation: Cleanup done
Event: 332.421 Executing VM operation: Cleanup
Event: 332.421 Executing VM operation: Cleanup done

Memory protections (0 events):
No events

Nmethod flushes (20 events):
Event: 17.962 Thread 0x000001dc88e60ae0 flushing osr nmethod 0x000001dc8c837590
Event: 17.962 Thread 0x000001dc88e60ae0 flushing  nmethod 0x000001dc8c844890
Event: 17.962 Thread 0x000001dc88e60ae0 flushing  nmethod 0x000001dc8c856790
Event: 17.962 Thread 0x000001dc88e60ae0 flushing  nmethod 0x000001dc8c856b10
Event: 17.962 Thread 0x000001dc88e60ae0 flushing  nmethod 0x000001dc8c85d890
Event: 17.962 Thread 0x000001dc88e60ae0 flushing  nmethod 0x000001dc8c85e810
Event: 17.962 Thread 0x000001dc88e60ae0 flushing  nmethod 0x000001dc8c85fc90
Event: 17.962 Thread 0x000001dc88e60ae0 flushing  nmethod 0x000001dc8c860b10
Event: 17.962 Thread 0x000001dc88e60ae0 flushing  nmethod 0x000001dc8c860f10
Event: 17.962 Thread 0x000001dc88e60ae0 flushing  nmethod 0x000001dc8c861310
Event: 17.962 Thread 0x000001dc88e60ae0 flushing  nmethod 0x000001dc8c861b10
Event: 17.962 Thread 0x000001dc88e60ae0 flushing  nmethod 0x000001dc8c862110
Event: 17.962 Thread 0x000001dc88e60ae0 flushing  nmethod 0x000001dc8c862510
Event: 17.962 Thread 0x000001dc88e60ae0 flushing  nmethod 0x000001dc8c863a90
Event: 17.962 Thread 0x000001dc88e60ae0 flushing  nmethod 0x000001dc8c865f10
Event: 17.962 Thread 0x000001dc88e60ae0 flushing  nmethod 0x000001dc8c866290
Event: 17.962 Thread 0x000001dc88e60ae0 flushing  nmethod 0x000001dc8c86b090
Event: 17.962 Thread 0x000001dc88e60ae0 flushing  nmethod 0x000001dc8c8bb690
Event: 17.962 Thread 0x000001dc88e60ae0 flushing  nmethod 0x000001dc8c8bf110
Event: 17.962 Thread 0x000001dc88e60ae0 flushing  nmethod 0x000001dc8c8c1210

Events (20 events):
Event: 306.210 Thread 0x000001dce6b9e320 Thread added: 0x000001dcea56f7f0
Event: 306.211 Thread 0x000001dcea56f7f0 Thread added: 0x000001dce6b99460
Event: 306.212 Thread 0x000001dcea56f7f0 Thread exited: 0x000001dcea56f7f0
Event: 306.212 Thread 0x000001dce6b99460 Thread exited: 0x000001dce6b99460
Event: 306.229 Thread 0x000001dc88d5ab00 Thread added: 0x000001dce9a25e40
Event: 311.401 Thread 0x000001dce9a25e40 Thread exited: 0x000001dce9a25e40
Event: 318.412 Thread 0x000001dceb0c0610 Thread exited: 0x000001dceb0c0610
Event: 318.412 Thread 0x000001dceb0bf8f0 Thread exited: 0x000001dceb0bf8f0
Event: 319.685 Thread 0x000001dce9659bc0 Thread exited: 0x000001dce9659bc0
Event: 320.122 Thread 0x000001dce9655a20 Thread exited: 0x000001dce9655a20
Event: 320.465 Thread 0x000001dceb0c2050 Thread exited: 0x000001dceb0c2050
Event: 320.465 Thread 0x000001dceb0c19c0 Thread exited: 0x000001dceb0c19c0
Event: 320.465 Thread 0x000001dceb0be540 Thread exited: 0x000001dceb0be540
Event: 320.466 Thread 0x000001dceb0bebd0 Thread exited: 0x000001dceb0bebd0
Event: 320.996 Thread 0x000001dcea56e440 Thread exited: 0x000001dcea56e440
Event: 321.061 Thread 0x000001dcea56fe80 Thread exited: 0x000001dcea56fe80
Event: 321.092 Thread 0x000001dcea56d090 Thread exited: 0x000001dcea56d090
Event: 321.498 Thread 0x000001dce965b600 Thread exited: 0x000001dce965b600
Event: 321.498 Thread 0x000001dce965d040 Thread exited: 0x000001dce965d040
Event: 321.498 Thread 0x000001dce965c320 Thread exited: 0x000001dce965c320


Dynamic libraries:
0x00007ff7b1910000 - 0x00007ff7b191e000 	c:\Users\Jairo\.vscode\extensions\redhat.java-1.52.0-win32-x64\jre\21.0.9-win32-x86_64\bin\java.exe
0x00007ffaf8620000 - 0x00007ffaf8887000 	C:\WINDOWS\SYSTEM32\ntdll.dll
0x00007ffaf6610000 - 0x00007ffaf66d9000 	C:\WINDOWS\System32\KERNEL32.DLL
0x00007ffaf5dc0000 - 0x00007ffaf61af000 	C:\WINDOWS\System32\KERNELBASE.dll
0x00007ffaf61c0000 - 0x00007ffaf630b000 	C:\WINDOWS\System32\ucrtbase.dll
0x00007ffaccad0000 - 0x00007ffaccae8000 	c:\Users\Jairo\.vscode\extensions\redhat.java-1.52.0-win32-x64\jre\21.0.9-win32-x86_64\bin\jli.dll
0x00007ffacbd20000 - 0x00007ffacbd3e000 	c:\Users\Jairo\.vscode\extensions\redhat.java-1.52.0-win32-x64\jre\21.0.9-win32-x86_64\bin\VCRUNTIME140.dll
0x00007ffaf80d0000 - 0x00007ffaf8295000 	C:\WINDOWS\System32\USER32.dll
0x00007ffadb240000 - 0x00007ffadb4d3000 	C:\WINDOWS\WinSxS\amd64_microsoft.windows.common-controls_6595b64144ccf1df_6.0.26100.7309_none_3e05feeae336a044\COMCTL32.dll
0x00007ffaf58e0000 - 0x00007ffaf5907000 	C:\WINDOWS\System32\win32u.dll
0x00007ffaf82a0000 - 0x00007ffaf8349000 	C:\WINDOWS\System32\msvcrt.dll
0x00007ffaf6480000 - 0x00007ffaf64ab000 	C:\WINDOWS\System32\GDI32.dll
0x00007ffaf5c90000 - 0x00007ffaf5dbc000 	C:\WINDOWS\System32\gdi32full.dll
0x00007ffaf6310000 - 0x00007ffaf63b3000 	C:\WINDOWS\System32\msvcp_win.dll
0x00007ffaf75f0000 - 0x00007ffaf7621000 	C:\WINDOWS\System32\IMM32.DLL
0x00007ffadf510000 - 0x00007ffadf51c000 	c:\Users\Jairo\.vscode\extensions\redhat.java-1.52.0-win32-x64\jre\21.0.9-win32-x86_64\bin\vcruntime140_1.dll
0x00007ffac1cf0000 - 0x00007ffac1d7d000 	c:\Users\Jairo\.vscode\extensions\redhat.java-1.52.0-win32-x64\jre\21.0.9-win32-x86_64\bin\msvcp140.dll
0x00007ffa625c0000 - 0x00007ffa63360000 	c:\Users\Jairo\.vscode\extensions\redhat.java-1.52.0-win32-x64\jre\21.0.9-win32-x86_64\bin\server\jvm.dll
0x00007ffaf6750000 - 0x00007ffaf6804000 	C:\WINDOWS\System32\ADVAPI32.dll
0x00007ffaf8530000 - 0x00007ffaf85d6000 	C:\WINDOWS\System32\sechost.dll
0x00007ffaf8380000 - 0x00007ffaf8498000 	C:\WINDOWS\System32\RPCRT4.dll
0x00007ffaf7670000 - 0x00007ffaf76e4000 	C:\WINDOWS\System32\WS2_32.dll
0x00007ffaf55d0000 - 0x00007ffaf562e000 	C:\WINDOWS\SYSTEM32\POWRPROF.dll
0x00007ffae6520000 - 0x00007ffae6555000 	C:\WINDOWS\SYSTEM32\WINMM.dll
0x00007ffaeb5a0000 - 0x00007ffaeb5ab000 	C:\WINDOWS\SYSTEM32\VERSION.dll
0x00007ffaf55b0000 - 0x00007ffaf55c4000 	C:\WINDOWS\SYSTEM32\UMPDC.dll
0x00007ffaf44f0000 - 0x00007ffaf450b000 	C:\WINDOWS\SYSTEM32\kernel.appcore.dll
0x00007ffadf0e0000 - 0x00007ffadf0ea000 	c:\Users\Jairo\.vscode\extensions\redhat.java-1.52.0-win32-x64\jre\21.0.9-win32-x86_64\bin\jimage.dll
0x00007ffaf2df0000 - 0x00007ffaf3032000 	C:\WINDOWS\SYSTEM32\DBGHELP.DLL
0x00007ffaf6910000 - 0x00007ffaf6c96000 	C:\WINDOWS\System32\combase.dll
0x00007ffaf74b0000 - 0x00007ffaf7586000 	C:\WINDOWS\System32\OLEAUT32.dll
0x00007ffad5b40000 - 0x00007ffad5b7c000 	C:\WINDOWS\SYSTEM32\dbgcore.DLL
0x00007ffaf5770000 - 0x00007ffaf5815000 	C:\WINDOWS\System32\bcryptPrimitives.dll
0x00007ffaf0200000 - 0x00007ffaf020f000 	c:\Users\Jairo\.vscode\extensions\redhat.java-1.52.0-win32-x64\jre\21.0.9-win32-x86_64\bin\instrument.dll
0x00007ffacbb60000 - 0x00007ffacbb80000 	c:\Users\Jairo\.vscode\extensions\redhat.java-1.52.0-win32-x64\jre\21.0.9-win32-x86_64\bin\java.dll
0x00007ffaf7960000 - 0x00007ffaf80b3000 	C:\WINDOWS\System32\SHELL32.dll
0x00007ffaf59a0000 - 0x00007ffaf5b0a000 	C:\WINDOWS\System32\wintypes.dll
0x00007ffaf3350000 - 0x00007ffaf3bae000 	C:\WINDOWS\SYSTEM32\windows.storage.dll
0x00007ffaf64b0000 - 0x00007ffaf65a5000 	C:\WINDOWS\System32\SHCORE.dll
0x00007ffaf66e0000 - 0x00007ffaf6746000 	C:\WINDOWS\System32\shlwapi.dll
0x00007ffaf5690000 - 0x00007ffaf56b9000 	C:\WINDOWS\SYSTEM32\profapi.dll
0x00007ffac4170000 - 0x00007ffac4188000 	c:\Users\Jairo\.vscode\extensions\redhat.java-1.52.0-win32-x64\jre\21.0.9-win32-x86_64\bin\zip.dll
0x00007ffaec4f0000 - 0x00007ffaec500000 	C:\Users\Jairo\.vscode\extensions\redhat.java-1.52.0-win32-x64\jre\21.0.9-win32-x86_64\bin\net.dll
0x00007ffaed250000 - 0x00007ffaed378000 	C:\WINDOWS\SYSTEM32\WINHTTP.dll
0x00007ffaf4a70000 - 0x00007ffaf4adb000 	C:\WINDOWS\system32\mswsock.dll
0x00007ffadfde0000 - 0x00007ffadfdf6000 	C:\Users\Jairo\.vscode\extensions\redhat.java-1.52.0-win32-x64\jre\21.0.9-win32-x86_64\bin\nio.dll
0x00007ffaec120000 - 0x00007ffaec130000 	c:\Users\Jairo\.vscode\extensions\redhat.java-1.52.0-win32-x64\jre\21.0.9-win32-x86_64\bin\verify.dll
0x00007ffaa7f10000 - 0x00007ffaa7f55000 	C:\Users\Jairo\AppData\Roaming\Code\User\globalStorage\redhat.java\1.52.0\config_win\org.eclipse.equinox.launcher\org.eclipse.equinox.launcher.win32.win32.x86_64_1.2.1500.v20260121-1430\eclipse_11919.dll
0x00007ffaf6ca0000 - 0x00007ffaf6e37000 	C:\WINDOWS\System32\ole32.dll
0x00007ffaf4d50000 - 0x00007ffaf4d6b000 	C:\WINDOWS\SYSTEM32\CRYPTSP.dll
0x00007ffaf4450000 - 0x00007ffaf448a000 	C:\WINDOWS\system32\rsaenh.dll
0x00007ffaf4b40000 - 0x00007ffaf4b6b000 	C:\WINDOWS\SYSTEM32\USERENV.dll
0x00007ffaf5660000 - 0x00007ffaf568a000 	C:\WINDOWS\SYSTEM32\bcrypt.dll
0x00007ffaf4d70000 - 0x00007ffaf4d7c000 	C:\WINDOWS\SYSTEM32\CRYPTBASE.dll
0x00007ffaf3ed0000 - 0x00007ffaf3f04000 	C:\WINDOWS\SYSTEM32\IPHLPAPI.DLL
0x00007ffaf7640000 - 0x00007ffaf764a000 	C:\WINDOWS\System32\NSI.dll
0x00007ffac0370000 - 0x00007ffac03b9000 	C:\Users\Jairo\AppData\Local\Temp\jna-71334831\jna7077764969957246176.dll
0x00007ffaf80c0000 - 0x00007ffaf80c8000 	C:\WINDOWS\System32\PSAPI.DLL
0x00007ffaec970000 - 0x00007ffaec98e000 	C:\WINDOWS\SYSTEM32\dhcpcsvc6.DLL
0x00007ffaec730000 - 0x00007ffaec753000 	C:\WINDOWS\SYSTEM32\dhcpcsvc.DLL
0x00007ffaf4610000 - 0x00007ffaf4646000 	C:\WINDOWS\SYSTEM32\ntmarta.dll

JVMTI agents:
c:\Users\Jairo\.vscode\extensions\redhat.java-1.52.0-win32-x64\lombok\lombok-1.18.39-4050.jar path:c:\Users\Jairo\.vscode\extensions\redhat.java-1.52.0-win32-x64\jre\21.0.9-win32-x86_64\bin\instrument.dll, loaded, initialized, instrumentlib options:none

dbghelp: loaded successfully - version: 4.0.5 - missing functions: none
symbol engine: initialized successfully - sym options: 0x614 - pdb path: .;c:\Users\Jairo\.vscode\extensions\redhat.java-1.52.0-win32-x64\jre\21.0.9-win32-x86_64\bin;C:\WINDOWS\SYSTEM32;C:\WINDOWS\WinSxS\amd64_microsoft.windows.common-controls_6595b64144ccf1df_6.0.26100.7309_none_3e05feeae336a044;c:\Users\Jairo\.vscode\extensions\redhat.java-1.52.0-win32-x64\jre\21.0.9-win32-x86_64\bin\server;C:\Users\Jairo\AppData\Roaming\Code\User\globalStorage\redhat.java\1.52.0\config_win\org.eclipse.equinox.launcher\org.eclipse.equinox.launcher.win32.win32.x86_64_1.2.1500.v20260121-1430;C:\Users\Jairo\AppData\Local\Temp\jna-71334831

VM Arguments:
jvm_args: --add-modules=ALL-SYSTEM --add-opens=java.base/java.util=ALL-UNNAMED --add-opens=java.base/java.lang=ALL-UNNAMED --add-opens=java.base/sun.nio.fs=ALL-UNNAMED -Declipse.application=org.eclipse.jdt.ls.core.id1 -Dosgi.bundles.defaultStartLevel=4 -Declipse.product=org.eclipse.jdt.ls.core.product -Djava.import.generatesMetadataFilesAtProjectRoot=false -DDetectVMInstallationsJob.disabled=true -Dfile.encoding=utf8 -XX:+UseParallelGC -XX:GCTimeRatio=4 -XX:AdaptiveSizePolicyWeight=90 -Dsun.zip.disableMemoryMapping=true -Xmx2G -Xms100m -Xlog:disable -javaagent:c:\Users\Jairo\.vscode\extensions\redhat.java-1.52.0-win32-x64\lombok\lombok-1.18.39-4050.jar -XX:+HeapDumpOnOutOfMemoryError -XX:HeapDumpPath=c:\Users\Jairo\AppData\Roaming\Code\User\workspaceStorage\d11edec619f66bda68dd043fb4a0bbbe\redhat.java -Daether.dependencyCollector.impl=bf 
java_command: c:\Users\Jairo\.vscode\extensions\redhat.java-1.52.0-win32-x64\server\plugins\org.eclipse.equinox.launcher_1.7.100.v20251111-0406.jar -configuration c:\Users\Jairo\AppData\Roaming\Code\User\globalStorage\redhat.java\1.52.0\config_win -data c:\Users\Jairo\AppData\Roaming\Code\User\workspaceStorage\d11edec619f66bda68dd043fb4a0bbbe\redhat.java\jdt_ws --pipe=\\.\pipe\lsp-c00df9cc67504ffd2131ffb2c77d6631-sock
java_class_path (initial): c:\Users\Jairo\.vscode\extensions\redhat.java-1.52.0-win32-x64\server\plugins\org.eclipse.equinox.launcher_1.7.100.v20251111-0406.jar
Launcher Type: SUN_STANDARD

[Global flags]
    uintx AdaptiveSizePolicyWeight                 = 90                                        {product} {command line}
     intx CICompilerCount                          = 4                                         {product} {ergonomic}
    uintx GCTimeRatio                              = 4                                         {product} {command line}
     bool HeapDumpOnOutOfMemoryError               = true                                   {manageable} {command line}
    ccstr HeapDumpPath                             = c:\Users\Jairo\AppData\Roaming\Code\User\workspaceStorage\d11edec619f66bda68dd043fb4a0bbbe\redhat.java         {manageable} {command line}
   size_t InitialHeapSize                          = 104857600                                 {product} {command line}
   size_t MaxHeapSize                              = 2147483648                                {product} {command line}
   size_t MaxNewSize                               = 715653120                                 {product} {ergonomic}
   size_t MinHeapDeltaBytes                        = 524288                                    {product} {ergonomic}
   size_t MinHeapSize                              = 104857600                                 {product} {command line}
   size_t NewSize                                  = 34603008                                  {product} {ergonomic}
    uintx NonNMethodCodeHeapSize                   = 5839372                                {pd product} {ergonomic}
    uintx NonProfiledCodeHeapSize                  = 122909434                              {pd product} {ergonomic}
   size_t OldSize                                  = 70254592                                  {product} {ergonomic}
    uintx ProfiledCodeHeapSize                     = 122909434                              {pd product} {ergonomic}
    uintx ReservedCodeCacheSize                    = 251658240                              {pd product} {ergonomic}
     bool SegmentedCodeCache                       = true                                      {product} {ergonomic}
   size_t SoftMaxHeapSize                          = 2147483648                             {manageable} {ergonomic}
     bool UseCompressedOops                        = true                           {product lp64_product} {ergonomic}
     bool UseLargePagesIndividualAllocation        = false                                  {pd product} {ergonomic}
     bool UseParallelGC                            = true                                      {product} {command line}

Logging:
Log output configuration:
 #0: stdout all=off uptime,level,tags foldmultilines=false
 #1: stderr all=off uptime,level,tags foldmultilines=false

Release file:
JAVA_VERSION="21.0.9" 
MODULES="java.base java.compiler java.datatransfer java.xml java.prefs java.desktop java.instrument java.logging java.management java.security.sasl java.naming java.rmi java.management.rmi java.net.http java.scripting java.security.jgss java.transaction.xa java.sql java.sql.rowset java.xml.crypto java.se java.smartcardio jdk.accessibility jdk.internal.jvmstat jdk.attach jdk.charsets jdk.internal.opt jdk.zipfs jdk.compiler jdk.crypto.ec jdk.crypto.cryptoki jdk.crypto.mscapi jdk.dynalink jdk.internal.ed jdk.editpad jdk.hotspot.agent jdk.httpserver jdk.internal.le jdk.internal.vm.ci jdk.internal.vm.compiler jdk.internal.vm.compiler.management jdk.jartool jdk.javadoc jdk.jcmd jdk.management jdk.management.agent jdk.jconsole jdk.jdeps jdk.jdwp.agent jdk.jdi jdk.jfr jdk.jshell jdk.jsobject jdk.jstatd jdk.localedata jdk.management.jfr jdk.naming.dns jdk.naming.rmi jdk.net jdk.nio.mapmode jdk.random jdk.sctp jdk.security.auth jdk.security.jgss jdk.unsupported jdk.unsupported.desktop jdk.xml.dom" 

Environment Variables:
PATH=C:\Program Files (x86)\Common Files\Oracle\Java\java8path;C:\Program Files (x86)\Common Files\Oracle\Java\javapath;C:\WINDOWS\system32;C:\WINDOWS;C:\WINDOWS\System32\Wbem;C:\WINDOWS\System32\WindowsPowerShell\v1.0\;C:\WINDOWS\System32\OpenSSH\;C:\Program Files\Git\cmd;C:\Program Files\Microsoft SQL Server\150\Tools\Binn\;C:\Program Files\Microsoft SQL Server\Client SDK\ODBC\170\Tools\Binn\;C:\Program Files (x86)\Microsoft SQL Server\160\Tools\Binn\;C:\Program Files\Microsoft SQL Server\160\Tools\Binn\;C:\Program Files\Microsoft SQL Server\160\DTS\Binn\;C:\Program Files (x86)\Microsoft SQL Server\160\DTS\Binn\;C:\Users\Jairo\AppData\Roaming\nvm;C:\Program Files\nodejs;C:\Program Files\swipl\bin;C:\Program Files\dotnet\;C:\Program Files (x86)\ZeroTier\One\;C:\Program Files\PostgreSQL\17\bin;C:\Users\Jairo\AppData\Local\Programs\Python\Python311\Scripts\;C:\Users\Jairo\AppData\Local\Programs\Python\Python311\;C:\Users\Jairo\AppData\Local\Programs\Python\Python313\Scripts\;C:\Users\Jairo\AppData\Local\Programs\Python\Python313\;C:\Users\Jairo\AppData\Local\Programs\Python\Launcher\;C:\Users\Jairo\AppData\Local\Microsoft\WindowsApps;C:\Users\Jairo\AppData\Local\Programs\Microsoft VS Code\bin;C:\msys64\ucrt64\bin;C:\Program Files\JetBrains\IntelliJ IDEA Community Edition 2024.2.0.1\bin;;C:\Users\Jairo\AppData\Local\GitHubDesktop\bin;C:\Users\Jairo\AppData\Roaming\npm;C:\Users\Jairo\AppData\Roaming\nvm;C:\Program Files\nodejs;C:\Users\Jairo\.dotnet\tools;C:\Users\Jairo\AppData\Local\Packages\PythonSoftwareFoundation.Python.3.13_qbz5n2kfra8p0\LocalCache\local-packages\Python313\Scripts;C:\Users\Jairo\AppData\Local\Packages\PythonSoftwareFoundation.Python.3.13_qbz5n2kfra8p0\LocalCache\local-packages\Python313\Scripts;
USERNAME=Jairo
OS=Windows_NT
PROCESSOR_IDENTIFIER=Intel64 Family 6 Model 126 Stepping 5, GenuineIntel
TMP=C:\Users\Jairo\AppData\Local\Temp
TEMP=C:\Users\Jairo\AppData\Local\Temp




Periodic native trim disabled

---------------  S Y S T E M  ---------------

OS:
 Windows 11 , 64 bit Build 26100 (10.0.26100.7623)
OS uptime: 2 days 9:19 hours
Hyper-V role detected

CPU: total 8 (initial active 8) (4 cores per cpu, 2 threads per core) family 6 model 126 stepping 5 microcode 0xc2, cx8, cmov, fxsr, ht, mmx, 3dnowpref, sse, sse2, sse3, ssse3, sse4.1, sse4.2, popcnt, lzcnt, tsc, tscinvbit, avx, avx2, aes, erms, clmul, bmi1, bmi2, adx, avx512f, avx512dq, avx512cd, avx512bw, avx512vl, sha, fma, vzeroupper, avx512_vpopcntdq, avx512_vpclmulqdq, avx512_vaes, avx512_vnni, clflush, clflushopt, avx512_vbmi2, avx512_vbmi, hv, rdtscp, rdpid, fsrm, gfni, avx512_bitalg, f16c, avx512_ifma
Processor Information for the first 8 processors :
  Max Mhz: 1498, Current Mhz: 1298, Mhz Limit: 1288

Memory: 4k page, system-wide physical 7959M (834M free)
TotalPageFile size 32535M (AvailPageFile size 2M)
current process WorkingSet (physical memory assigned to process): 101M, peak: 326M
current process commit charge ("private bytes"): 341M, peak: 404M

vm_info: OpenJDK 64-Bit Server VM (21.0.9+10-LTS) for windows-amd64 JRE (21.0.9+10-LTS), built on 2025-10-21T00:00:00Z by "admin" with unknown MS VC++:1942

END.
